Jan 31, 2013 7:13:45 AM org.apache.catalina.startup.HostConfig deployDirectory
INFO: Deploying web application directory C:\Users\Handy_man\tomcat\webapps\miles_test
Jan 31, 2013 7:19:25 AM org.apache.catalina.startup.HostConfig checkResources
INFO: Reloading context [/stuess_test]
Jan 31, 2013 7:19:25 AM org.apache.catalina.core.StandardContext reload
INFO: Reloading Context with name [/stuess_test] has started
Jan 31, 2013 7:19:25 AM org.apache.tomcat.util.digester.Digester fatalError
SEVERE: Parse Fatal Error at line 22 column 60: The element type "servle-class" must be terminated by the matching end-tag "</servle-class>".
org.xml.sax.SAXParseException: The element type "servle-class" must be terminated by the matching end-tag "</servle-class>".
	at com.sun.org.apache.xerces.internal.util.ErrorHandlerWrapper.createSAXParseException(Unknown Source)
	at com.sun.org.apache.xerces.internal.util.ErrorHandlerWrapper.fatalError(Unknown Source)
	at com.sun.org.apache.xerces.internal.impl.XMLErrorReporter.reportError(Unknown Source)
	at com.sun.org.apache.xerces.internal.impl.XMLScanner.reportFatalError(Unknown Source)
	at com.sun.org.apache.xerces.internal.impl.XMLDocumentFragmentScannerImpl.scanEndElement(Unknown Source)
	at com.sun.org.apache.xerces.internal.impl.XMLDocumentFragmentScannerImpl$FragmentContentDriver.next(Unknown Source)
	at com.sun.org.apache.xerces.internal.impl.XMLDocumentScannerImpl.next(Unknown Source)
	at com.sun.org.apache.xerces.internal.impl.XMLDocumentFragmentScannerImpl.scanDocument(Unknown Source)
	at com.sun.org.apache.xerces.internal.parsers.XML11Configuration.parse(Unknown Source)
	at com.sun.org.apache.xerces.internal.parsers.XML11Configuration.parse(Unknown Source)
	at com.sun.org.apache.xerces.internal.parsers.XMLParser.parse(Unknown Source)
	at com.sun.org.apache.xerces.internal.parsers.AbstractSAXParser.parse(Unknown Source)
	at com.sun.org.apache.xerces.internal.jaxp.SAXParserImpl$JAXPSAXParser.parse(Unknown Source)
	at org.apache.tomcat.util.digester.Digester.parse(Digester.java:1537)
	at org.apache.catalina.startup.ContextConfig.parseWebXml(ContextConfig.java:1879)
	at org.apache.catalina.startup.ContextConfig.webConfig(ContextConfig.java:1259)
	at org.apache.catalina.startup.ContextConfig.configureStart(ContextConfig.java:878)
	at org.apache.catalina.startup.ContextConfig.lifecycleEvent(ContextConfig.java:369)
	at org.apache.catalina.util.LifecycleSupport.fireLifecycleEvent(LifecycleSupport.java:119)
	at org.apache.catalina.util.LifecycleBase.fireLifecycleEvent(LifecycleBase.java:90)
	at org.apache.catalina.core.StandardContext.startInternal(StandardContext.java:5179)
	at org.apache.catalina.util.LifecycleBase.start(LifecycleBase.java:150)
	at org.apache.catalina.core.StandardContext.reload(StandardContext.java:3926)
	at org.apache.catalina.startup.HostConfig.checkResources(HostConfig.java:1271)
	at org.apache.catalina.startup.HostConfig.check(HostConfig.java:1440)
	at org.apache.catalina.startup.HostConfig.lifecycleEvent(HostConfig.java:301)
	at org.apache.catalina.util.LifecycleSupport.fireLifecycleEvent(LifecycleSupport.java:119)
	at org.apache.catalina.util.LifecycleBase.fireLifecycleEvent(LifecycleBase.java:90)
	at org.apache.catalina.core.ContainerBase.backgroundProcess(ContainerBase.java:1374)
	at org.apache.catalina.core.ContainerBase$ContainerBackgroundProcessor.processChildren(ContainerBase.java:1530)
	at org.apache.catalina.core.ContainerBase$ContainerBackgroundProcessor.processChildren(ContainerBase.java:1540)
	at org.apache.catalina.core.ContainerBase$ContainerBackgroundProcessor.run(ContainerBase.java:1519)
	at java.lang.Thread.run(Unknown Source)
Jan 31, 2013 7:19:25 AM org.apache.catalina.startup.ContextConfig parseWebXml
SEVERE: Parse error in application web.xml file at jndi:/localhost/stuess_test/WEB-INF/web.xml
org.xml.sax.SAXParseException: The element type "servle-class" must be terminated by the matching end-tag "</servle-class>".
	at com.sun.org.apache.xerces.internal.util.ErrorHandlerWrapper.createSAXParseException(Unknown Source)
	at com.sun.org.apache.xerces.internal.util.ErrorHandlerWrapper.fatalError(Unknown Source)
	at com.sun.org.apache.xerces.internal.impl.XMLErrorReporter.reportError(Unknown Source)
	at com.sun.org.apache.xerces.internal.impl.XMLScanner.reportFatalError(Unknown Source)
	at com.sun.org.apache.xerces.internal.impl.XMLDocumentFragmentScannerImpl.scanEndElement(Unknown Source)
	at com.sun.org.apache.xerces.internal.impl.XMLDocumentFragmentScannerImpl$FragmentContentDriver.next(Unknown Source)
	at com.sun.org.apache.xerces.internal.impl.XMLDocumentScannerImpl.next(Unknown Source)
	at com.sun.org.apache.xerces.internal.impl.XMLDocumentFragmentScannerImpl.scanDocument(Unknown Source)
	at com.sun.org.apache.xerces.internal.parsers.XML11Configuration.parse(Unknown Source)
	at com.sun.org.apache.xerces.internal.parsers.XML11Configuration.parse(Unknown Source)
	at com.sun.org.apache.xerces.internal.parsers.XMLParser.parse(Unknown Source)
	at com.sun.org.apache.xerces.internal.parsers.AbstractSAXParser.parse(Unknown Source)
	at com.sun.org.apache.xerces.internal.jaxp.SAXParserImpl$JAXPSAXParser.parse(Unknown Source)
	at org.apache.tomcat.util.digester.Digester.parse(Digester.java:1537)
	at org.apache.catalina.startup.ContextConfig.parseWebXml(ContextConfig.java:1879)
	at org.apache.catalina.startup.ContextConfig.webConfig(ContextConfig.java:1259)
	at org.apache.catalina.startup.ContextConfig.configureStart(ContextConfig.java:878)
	at org.apache.catalina.startup.ContextConfig.lifecycleEvent(ContextConfig.java:369)
	at org.apache.catalina.util.LifecycleSupport.fireLifecycleEvent(LifecycleSupport.java:119)
	at org.apache.catalina.util.LifecycleBase.fireLifecycleEvent(LifecycleBase.java:90)
	at org.apache.catalina.core.StandardContext.startInternal(StandardContext.java:5179)
	at org.apache.catalina.util.LifecycleBase.start(LifecycleBase.java:150)
	at org.apache.catalina.core.StandardContext.reload(StandardContext.java:3926)
	at org.apache.catalina.startup.HostConfig.checkResources(HostConfig.java:1271)
	at org.apache.catalina.startup.HostConfig.check(HostConfig.java:1440)
	at org.apache.catalina.startup.HostConfig.lifecycleEvent(HostConfig.java:301)
	at org.apache.catalina.util.LifecycleSupport.fireLifecycleEvent(LifecycleSupport.java:119)
	at org.apache.catalina.util.LifecycleBase.fireLifecycleEvent(LifecycleBase.java:90)
	at org.apache.catalina.core.ContainerBase.backgroundProcess(ContainerBase.java:1374)
	at org.apache.catalina.core.ContainerBase$ContainerBackgroundProcessor.processChildren(ContainerBase.java:1530)
	at org.apache.catalina.core.ContainerBase$ContainerBackgroundProcessor.processChildren(ContainerBase.java:1540)
	at org.apache.catalina.core.ContainerBase$ContainerBackgroundProcessor.run(ContainerBase.java:1519)
	at java.lang.Thread.run(Unknown Source)
Jan 31, 2013 7:19:25 AM org.apache.catalina.startup.ContextConfig parseWebXml
SEVERE: Occurred at line 22 column 60
Jan 31, 2013 7:19:25 AM org.apache.catalina.startup.ContextConfig configureStart
SEVERE: Marking this application unavailable due to previous error(s)
Jan 31, 2013 7:19:25 AM org.apache.catalina.core.StandardContext startInternal
SEVERE: Error getConfigured
Jan 31, 2013 7:19:25 AM org.apache.catalina.core.StandardContext startInternal
SEVERE: Context [/stuess_test] startup failed due to previous errors
Jan 31, 2013 7:19:26 AM org.apache.catalina.core.StandardContext reload
INFO: Reloading Context with name [/stuess_test] is completed
Jan 31, 2013 7:20:46 AM org.apache.catalina.startup.HostConfig checkResources
INFO: Reloading context [/monstermash]
Jan 31, 2013 7:20:46 AM org.apache.catalina.core.StandardContext reload
INFO: Reloading Context with name [/monstermash] has started
Jan 31, 2013 7:20:46 AM org.apache.tomcat.util.digester.Digester fatalError
SEVERE: Parse Fatal Error at line 22 column 60: The element type "servle-class" must be terminated by the matching end-tag "</servle-class>".
org.xml.sax.SAXParseException: The element type "servle-class" must be terminated by the matching end-tag "</servle-class>".
	at com.sun.org.apache.xerces.internal.util.ErrorHandlerWrapper.createSAXParseException(Unknown Source)
	at com.sun.org.apache.xerces.internal.util.ErrorHandlerWrapper.fatalError(Unknown Source)
	at com.sun.org.apache.xerces.internal.impl.XMLErrorReporter.reportError(Unknown Source)
	at com.sun.org.apache.xerces.internal.impl.XMLScanner.reportFatalError(Unknown Source)
	at com.sun.org.apache.xerces.internal.impl.XMLDocumentFragmentScannerImpl.scanEndElement(Unknown Source)
	at com.sun.org.apache.xerces.internal.impl.XMLDocumentFragmentScannerImpl$FragmentContentDriver.next(Unknown Source)
	at com.sun.org.apache.xerces.internal.impl.XMLDocumentScannerImpl.next(Unknown Source)
	at com.sun.org.apache.xerces.internal.impl.XMLDocumentFragmentScannerImpl.scanDocument(Unknown Source)
	at com.sun.org.apache.xerces.internal.parsers.XML11Configuration.parse(Unknown Source)
	at com.sun.org.apache.xerces.internal.parsers.XML11Configuration.parse(Unknown Source)
	at com.sun.org.apache.xerces.internal.parsers.XMLParser.parse(Unknown Source)
	at com.sun.org.apache.xerces.internal.parsers.AbstractSAXParser.parse(Unknown Source)
	at com.sun.org.apache.xerces.internal.jaxp.SAXParserImpl$JAXPSAXParser.parse(Unknown Source)
	at org.apache.tomcat.util.digester.Digester.parse(Digester.java:1537)
	at org.apache.catalina.startup.ContextConfig.parseWebXml(ContextConfig.java:1879)
	at org.apache.catalina.startup.ContextConfig.webConfig(ContextConfig.java:1259)
	at org.apache.catalina.startup.ContextConfig.configureStart(ContextConfig.java:878)
	at org.apache.catalina.startup.ContextConfig.lifecycleEvent(ContextConfig.java:369)
	at org.apache.catalina.util.LifecycleSupport.fireLifecycleEvent(LifecycleSupport.java:119)
	at org.apache.catalina.util.LifecycleBase.fireLifecycleEvent(LifecycleBase.java:90)
	at org.apache.catalina.core.StandardContext.startInternal(StandardContext.java:5179)
	at org.apache.catalina.util.LifecycleBase.start(LifecycleBase.java:150)
	at org.apache.catalina.core.StandardContext.reload(StandardContext.java:3926)
	at org.apache.catalina.startup.HostConfig.checkResources(HostConfig.java:1271)
	at org.apache.catalina.startup.HostConfig.check(HostConfig.java:1440)
	at org.apache.catalina.startup.HostConfig.lifecycleEvent(HostConfig.java:301)
	at org.apache.catalina.util.LifecycleSupport.fireLifecycleEvent(LifecycleSupport.java:119)
	at org.apache.catalina.util.LifecycleBase.fireLifecycleEvent(LifecycleBase.java:90)
	at org.apache.catalina.core.ContainerBase.backgroundProcess(ContainerBase.java:1374)
	at org.apache.catalina.core.ContainerBase$ContainerBackgroundProcessor.processChildren(ContainerBase.java:1530)
	at org.apache.catalina.core.ContainerBase$ContainerBackgroundProcessor.processChildren(ContainerBase.java:1540)
	at org.apache.catalina.core.ContainerBase$ContainerBackgroundProcessor.run(ContainerBase.java:1519)
	at java.lang.Thread.run(Unknown Source)
Jan 31, 2013 7:20:46 AM org.apache.catalina.startup.ContextConfig parseWebXml
SEVERE: Parse error in application web.xml file at jndi:/localhost/monstermash/WEB-INF/web.xml
org.xml.sax.SAXParseException: The element type "servle-class" must be terminated by the matching end-tag "</servle-class>".
	at com.sun.org.apache.xerces.internal.util.ErrorHandlerWrapper.createSAXParseException(Unknown Source)
	at com.sun.org.apache.xerces.internal.util.ErrorHandlerWrapper.fatalError(Unknown Source)
	at com.sun.org.apache.xerces.internal.impl.XMLErrorReporter.reportError(Unknown Source)
	at com.sun.org.apache.xerces.internal.impl.XMLScanner.reportFatalError(Unknown Source)
	at com.sun.org.apache.xerces.internal.impl.XMLDocumentFragmentScannerImpl.scanEndElement(Unknown Source)
	at com.sun.org.apache.xerces.internal.impl.XMLDocumentFragmentScannerImpl$FragmentContentDriver.next(Unknown Source)
	at com.sun.org.apache.xerces.internal.impl.XMLDocumentScannerImpl.next(Unknown Source)
	at com.sun.org.apache.xerces.internal.impl.XMLDocumentFragmentScannerImpl.scanDocument(Unknown Source)
	at com.sun.org.apache.xerces.internal.parsers.XML11Configuration.parse(Unknown Source)
	at com.sun.org.apache.xerces.internal.parsers.XML11Configuration.parse(Unknown Source)
	at com.sun.org.apache.xerces.internal.parsers.XMLParser.parse(Unknown Source)
	at com.sun.org.apache.xerces.internal.parsers.AbstractSAXParser.parse(Unknown Source)
	at com.sun.org.apache.xerces.internal.jaxp.SAXParserImpl$JAXPSAXParser.parse(Unknown Source)
	at org.apache.tomcat.util.digester.Digester.parse(Digester.java:1537)
	at org.apache.catalina.startup.ContextConfig.parseWebXml(ContextConfig.java:1879)
	at org.apache.catalina.startup.ContextConfig.webConfig(ContextConfig.java:1259)
	at org.apache.catalina.startup.ContextConfig.configureStart(ContextConfig.java:878)
	at org.apache.catalina.startup.ContextConfig.lifecycleEvent(ContextConfig.java:369)
	at org.apache.catalina.util.LifecycleSupport.fireLifecycleEvent(LifecycleSupport.java:119)
	at org.apache.catalina.util.LifecycleBase.fireLifecycleEvent(LifecycleBase.java:90)
	at org.apache.catalina.core.StandardContext.startInternal(StandardContext.java:5179)
	at org.apache.catalina.util.LifecycleBase.start(LifecycleBase.java:150)
	at org.apache.catalina.core.StandardContext.reload(StandardContext.java:3926)
	at org.apache.catalina.startup.HostConfig.checkResources(HostConfig.java:1271)
	at org.apache.catalina.startup.HostConfig.check(HostConfig.java:1440)
	at org.apache.catalina.startup.HostConfig.lifecycleEvent(HostConfig.java:301)
	at org.apache.catalina.util.LifecycleSupport.fireLifecycleEvent(LifecycleSupport.java:119)
	at org.apache.catalina.util.LifecycleBase.fireLifecycleEvent(LifecycleBase.java:90)
	at org.apache.catalina.core.ContainerBase.backgroundProcess(ContainerBase.java:1374)
	at org.apache.catalina.core.ContainerBase$ContainerBackgroundProcessor.processChildren(ContainerBase.java:1530)
	at org.apache.catalina.core.ContainerBase$ContainerBackgroundProcessor.processChildren(ContainerBase.java:1540)
	at org.apache.catalina.core.ContainerBase$ContainerBackgroundProcessor.run(ContainerBase.java:1519)
	at java.lang.Thread.run(Unknown Source)
Jan 31, 2013 7:20:46 AM org.apache.catalina.startup.ContextConfig parseWebXml
SEVERE: Occurred at line 22 column 60
Jan 31, 2013 7:20:46 AM org.apache.catalina.startup.ContextConfig configureStart
SEVERE: Marking this application unavailable due to previous error(s)
Jan 31, 2013 7:20:46 AM org.apache.catalina.core.StandardContext startInternal
SEVERE: Error getConfigured
Jan 31, 2013 7:20:46 AM org.apache.catalina.core.StandardContext startInternal
SEVERE: Context [/monstermash] startup failed due to previous errors
Jan 31, 2013 7:20:46 AM org.apache.catalina.core.StandardContext reload
INFO: Reloading Context with name [/monstermash] is completed
Jan 31, 2013 7:20:56 AM org.apache.catalina.startup.HostConfig checkResources
INFO: Reloading context [/stuess_test]
Jan 31, 2013 7:20:56 AM org.apache.tomcat.util.digester.Digester fatalError
SEVERE: Parse Fatal Error at line 22 column 60: The element type "servle-class" must be terminated by the matching end-tag "</servle-class>".
org.xml.sax.SAXParseException: The element type "servle-class" must be terminated by the matching end-tag "</servle-class>".
	at com.sun.org.apache.xerces.internal.util.ErrorHandlerWrapper.createSAXParseException(Unknown Source)
	at com.sun.org.apache.xerces.internal.util.ErrorHandlerWrapper.fatalError(Unknown Source)
	at com.sun.org.apache.xerces.internal.impl.XMLErrorReporter.reportError(Unknown Source)
	at com.sun.org.apache.xerces.internal.impl.XMLScanner.reportFatalError(Unknown Source)
	at com.sun.org.apache.xerces.internal.impl.XMLDocumentFragmentScannerImpl.scanEndElement(Unknown Source)
	at com.sun.org.apache.xerces.internal.impl.XMLDocumentFragmentScannerImpl$FragmentContentDriver.next(Unknown Source)
	at com.sun.org.apache.xerces.internal.impl.XMLDocumentScannerImpl.next(Unknown Source)
	at com.sun.org.apache.xerces.internal.impl.XMLDocumentFragmentScannerImpl.scanDocument(Unknown Source)
	at com.sun.org.apache.xerces.internal.parsers.XML11Configuration.parse(Unknown Source)
	at com.sun.org.apache.xerces.internal.parsers.XML11Configuration.parse(Unknown Source)
	at com.sun.org.apache.xerces.internal.parsers.XMLParser.parse(Unknown Source)
	at com.sun.org.apache.xerces.internal.parsers.AbstractSAXParser.parse(Unknown Source)
	at com.sun.org.apache.xerces.internal.jaxp.SAXParserImpl$JAXPSAXParser.parse(Unknown Source)
	at org.apache.tomcat.util.digester.Digester.parse(Digester.java:1537)
	at org.apache.catalina.startup.ContextConfig.parseWebXml(ContextConfig.java:1879)
	at org.apache.catalina.startup.ContextConfig.webConfig(ContextConfig.java:1259)
	at org.apache.catalina.startup.ContextConfig.configureStart(ContextConfig.java:878)
	at org.apache.catalina.startup.ContextConfig.lifecycleEvent(ContextConfig.java:369)
	at org.apache.catalina.util.LifecycleSupport.fireLifecycleEvent(LifecycleSupport.java:119)
	at org.apache.catalina.util.LifecycleBase.fireLifecycleEvent(LifecycleBase.java:90)
	at org.apache.catalina.core.StandardContext.startInternal(StandardContext.java:5179)
	at org.apache.catalina.util.LifecycleBase.start(LifecycleBase.java:150)
	at org.apache.catalina.startup.HostConfig.checkResources(HostConfig.java:1276)
	at org.apache.catalina.startup.HostConfig.check(HostConfig.java:1440)
	at org.apache.catalina.startup.HostConfig.lifecycleEvent(HostConfig.java:301)
	at org.apache.catalina.util.LifecycleSupport.fireLifecycleEvent(LifecycleSupport.java:119)
	at org.apache.catalina.util.LifecycleBase.fireLifecycleEvent(LifecycleBase.java:90)
	at org.apache.catalina.core.ContainerBase.backgroundProcess(ContainerBase.java:1374)
	at org.apache.catalina.core.ContainerBase$ContainerBackgroundProcessor.processChildren(ContainerBase.java:1530)
	at org.apache.catalina.core.ContainerBase$ContainerBackgroundProcessor.processChildren(ContainerBase.java:1540)
	at org.apache.catalina.core.ContainerBase$ContainerBackgroundProcessor.run(ContainerBase.java:1519)
	at java.lang.Thread.run(Unknown Source)
Jan 31, 2013 7:20:56 AM org.apache.catalina.startup.ContextConfig parseWebXml
SEVERE: Parse error in application web.xml file at jndi:/localhost/stuess_test/WEB-INF/web.xml
org.xml.sax.SAXParseException: The element type "servle-class" must be terminated by the matching end-tag "</servle-class>".
	at com.sun.org.apache.xerces.internal.util.ErrorHandlerWrapper.createSAXParseException(Unknown Source)
	at com.sun.org.apache.xerces.internal.util.ErrorHandlerWrapper.fatalError(Unknown Source)
	at com.sun.org.apache.xerces.internal.impl.XMLErrorReporter.reportError(Unknown Source)
	at com.sun.org.apache.xerces.internal.impl.XMLScanner.reportFatalError(Unknown Source)
	at com.sun.org.apache.xerces.internal.impl.XMLDocumentFragmentScannerImpl.scanEndElement(Unknown Source)
	at com.sun.org.apache.xerces.internal.impl.XMLDocumentFragmentScannerImpl$FragmentContentDriver.next(Unknown Source)
	at com.sun.org.apache.xerces.internal.impl.XMLDocumentScannerImpl.next(Unknown Source)
	at com.sun.org.apache.xerces.internal.impl.XMLDocumentFragmentScannerImpl.scanDocument(Unknown Source)
	at com.sun.org.apache.xerces.internal.parsers.XML11Configuration.parse(Unknown Source)
	at com.sun.org.apache.xerces.internal.parsers.XML11Configuration.parse(Unknown Source)
	at com.sun.org.apache.xerces.internal.parsers.XMLParser.parse(Unknown Source)
	at com.sun.org.apache.xerces.internal.parsers.AbstractSAXParser.parse(Unknown Source)
	at com.sun.org.apache.xerces.internal.jaxp.SAXParserImpl$JAXPSAXParser.parse(Unknown Source)
	at org.apache.tomcat.util.digester.Digester.parse(Digester.java:1537)
	at org.apache.catalina.startup.ContextConfig.parseWebXml(ContextConfig.java:1879)
	at org.apache.catalina.startup.ContextConfig.webConfig(ContextConfig.java:1259)
	at org.apache.catalina.startup.ContextConfig.configureStart(ContextConfig.java:878)
	at org.apache.catalina.startup.ContextConfig.lifecycleEvent(ContextConfig.java:369)
	at org.apache.catalina.util.LifecycleSupport.fireLifecycleEvent(LifecycleSupport.java:119)
	at org.apache.catalina.util.LifecycleBase.fireLifecycleEvent(LifecycleBase.java:90)
	at org.apache.catalina.core.StandardContext.startInternal(StandardContext.java:5179)
	at org.apache.catalina.util.LifecycleBase.start(LifecycleBase.java:150)
	at org.apache.catalina.startup.HostConfig.checkResources(HostConfig.java:1276)
	at org.apache.catalina.startup.HostConfig.check(HostConfig.java:1440)
	at org.apache.catalina.startup.HostConfig.lifecycleEvent(HostConfig.java:301)
	at org.apache.catalina.util.LifecycleSupport.fireLifecycleEvent(LifecycleSupport.java:119)
	at org.apache.catalina.util.LifecycleBase.fireLifecycleEvent(LifecycleBase.java:90)
	at org.apache.catalina.core.ContainerBase.backgroundProcess(ContainerBase.java:1374)
	at org.apache.catalina.core.ContainerBase$ContainerBackgroundProcessor.processChildren(ContainerBase.java:1530)
	at org.apache.catalina.core.ContainerBase$ContainerBackgroundProcessor.processChildren(ContainerBase.java:1540)
	at org.apache.catalina.core.ContainerBase$ContainerBackgroundProcessor.run(ContainerBase.java:1519)
	at java.lang.Thread.run(Unknown Source)
Jan 31, 2013 7:20:56 AM org.apache.catalina.startup.ContextConfig parseWebXml
SEVERE: Occurred at line 22 column 60
Jan 31, 2013 7:20:56 AM org.apache.catalina.startup.ContextConfig configureStart
SEVERE: Marking this application unavailable due to previous error(s)
Jan 31, 2013 7:20:56 AM org.apache.catalina.core.StandardContext startInternal
SEVERE: Error getConfigured
Jan 31, 2013 7:20:56 AM org.apache.catalina.core.StandardContext startInternal
SEVERE: Context [/stuess_test] startup failed due to previous errors
Jan 31, 2013 7:30:29 AM org.apache.catalina.core.StandardContext reload
INFO: Reloading Context with name [/test_nathan] has started
Jan 31, 2013 7:30:29 AM org.apache.catalina.core.StandardContext reload
INFO: Reloading Context with name [/test_nathan] is completed
Jan 31, 2013 7:33:31 AM org.apache.catalina.core.StandardContext reload
INFO: Reloading Context with name [/test_nathan] has started
Jan 31, 2013 7:33:31 AM org.apache.catalina.core.StandardContext reload
INFO: Reloading Context with name [/test_nathan] is completed
Jan 31, 2013 7:37:17 AM org.apache.catalina.core.StandardContext reload
INFO: Reloading Context with name [/test_nathan] has started
Jan 31, 2013 7:37:17 AM org.apache.catalina.core.StandardContext reload
INFO: Reloading Context with name [/test_nathan] is completed
Jan 31, 2013 7:38:17 AM org.apache.catalina.startup.HostConfig deleteRedeployResources
INFO: Undeploying context [/miles_test]
Jan 31, 2013 7:39:17 AM org.apache.catalina.core.StandardContext reload
INFO: Reloading Context with name [/test_nathan] has started
Jan 31, 2013 7:39:18 AM org.apache.catalina.core.StandardContext reload
INFO: Reloading Context with name [/test_nathan] is completed
Jan 31, 2013 7:44:08 AM org.apache.catalina.startup.HostConfig deployDirectory
INFO: Deploying web application directory C:\Users\Handy_man\tomcat\webapps\miles_test
Jan 31, 2013 7:44:08 AM org.apache.catalina.core.ContainerBase addChildInternal
SEVERE: ContainerBase.addChild: start: 
org.apache.catalina.LifecycleException: Failed to start component [StandardEngine[Catalina].StandardHost[localhost].StandardContext[/miles_test]]
	at org.apache.catalina.util.LifecycleBase.start(LifecycleBase.java:154)
	at org.apache.catalina.core.ContainerBase.addChildInternal(ContainerBase.java:901)
	at org.apache.catalina.core.ContainerBase.addChild(ContainerBase.java:877)
	at org.apache.catalina.core.StandardHost.addChild(StandardHost.java:633)
	at org.apache.catalina.startup.HostConfig.deployDirectory(HostConfig.java:1114)
	at org.apache.catalina.startup.HostConfig$DeployDirectory.run(HostConfig.java:1673)
	at java.util.concurrent.Executors$RunnableAdapter.call(Unknown Source)
	at java.util.concurrent.FutureTask$Sync.innerRun(Unknown Source)
	at java.util.concurrent.FutureTask.run(Unknown Source)
	at java.util.concurrent.ThreadPoolExecutor$Worker.runTask(Unknown Source)
	at java.util.concurrent.ThreadPoolExecutor$Worker.run(Unknown Source)
	at java.lang.Thread.run(Unknown Source)
Caused by: java.lang.IllegalArgumentException: Servlet mapping specifies an unknown servlet name playerlist
	at org.apache.catalina.core.StandardContext.addServletMapping(StandardContext.java:3219)
	at org.apache.catalina.core.StandardContext.addServletMapping(StandardContext.java:3198)
	at org.apache.catalina.deploy.WebXml.configureContext(WebXml.java:1366)
	at org.apache.catalina.startup.ContextConfig.webConfig(ContextConfig.java:1353)
	at org.apache.catalina.startup.ContextConfig.configureStart(ContextConfig.java:878)
	at org.apache.catalina.startup.ContextConfig.lifecycleEvent(ContextConfig.java:369)
	at org.apache.catalina.util.LifecycleSupport.fireLifecycleEvent(LifecycleSupport.java:119)
	at org.apache.catalina.util.LifecycleBase.fireLifecycleEvent(LifecycleBase.java:90)
	at org.apache.catalina.core.StandardContext.startInternal(StandardContext.java:5179)
	at org.apache.catalina.util.LifecycleBase.start(LifecycleBase.java:150)
	... 11 more
Jan 31, 2013 7:44:08 AM org.apache.catalina.startup.HostConfig deployDirectory
SEVERE: Error deploying web application directory C:\Users\Handy_man\tomcat\webapps\miles_test
java.lang.IllegalStateException: ContainerBase.addChild: start: org.apache.catalina.LifecycleException: Failed to start component [StandardEngine[Catalina].StandardHost[localhost].StandardContext[/miles_test]]
	at org.apache.catalina.core.ContainerBase.addChildInternal(ContainerBase.java:904)
	at org.apache.catalina.core.ContainerBase.addChild(ContainerBase.java:877)
	at org.apache.catalina.core.StandardHost.addChild(StandardHost.java:633)
	at org.apache.catalina.startup.HostConfig.deployDirectory(HostConfig.java:1114)
	at org.apache.catalina.startup.HostConfig$DeployDirectory.run(HostConfig.java:1673)
	at java.util.concurrent.Executors$RunnableAdapter.call(Unknown Source)
	at java.util.concurrent.FutureTask$Sync.innerRun(Unknown Source)
	at java.util.concurrent.FutureTask.run(Unknown Source)
	at java.util.concurrent.ThreadPoolExecutor$Worker.runTask(Unknown Source)
	at java.util.concurrent.ThreadPoolExecutor$Worker.run(Unknown Source)
	at java.lang.Thread.run(Unknown Source)
Jan 31, 2013 8:10:44 AM org.apache.catalina.core.StandardContext reload
INFO: Reloading Context with name [/test_nathan] has started
Jan 31, 2013 8:10:44 AM org.apache.catalina.core.StandardContext reload
INFO: Reloading Context with name [/test_nathan] is completed
Jan 31, 2013 9:24:16 AM org.apache.catalina.core.StandardContext reload
INFO: Reloading Context with name [/test_nathan] has started
Jan 31, 2013 9:24:16 AM org.apache.catalina.core.StandardContext reload
INFO: Reloading Context with name [/test_nathan] is completed
Jan 31, 2013 9:43:40 AM org.apache.catalina.startup.HostConfig checkResources
INFO: Reloading context [/stuess_test]
Jan 31, 2013 9:46:50 AM org.apache.catalina.startup.HostConfig checkResources
INFO: Reloading context [/stuess_test]
Jan 31, 2013 9:46:50 AM org.apache.catalina.core.StandardContext reload
INFO: Reloading Context with name [/stuess_test] has started
Jan 31, 2013 9:46:50 AM org.apache.catalina.core.StandardContext reload
INFO: Reloading Context with name [/stuess_test] is completed
Jan 31, 2013 9:46:53 AM org.apache.catalina.core.StandardContext reload
INFO: Reloading Context with name [/test_nathan] has started
Jan 31, 2013 9:46:54 AM org.apache.catalina.core.StandardContext reload
INFO: Reloading Context with name [/test_nathan] is completed
Jan 31, 2013 9:51:40 AM org.apache.catalina.startup.HostConfig checkResources
INFO: Reloading context [/test_nathan]
Jan 31, 2013 9:51:40 AM org.apache.catalina.core.StandardContext reload
INFO: Reloading Context with name [/test_nathan] has started
Jan 31, 2013 9:51:41 AM org.apache.catalina.core.StandardContext reload
SEVERE: Exception starting Context with name [/test_nathan]
org.apache.catalina.LifecycleException: Failed to start component [StandardEngine[Catalina].StandardHost[localhost].StandardContext[/test_nathan]]
	at org.apache.catalina.util.LifecycleBase.start(LifecycleBase.java:154)
	at org.apache.catalina.core.StandardContext.reload(StandardContext.java:3926)
	at org.apache.catalina.startup.HostConfig.checkResources(HostConfig.java:1271)
	at org.apache.catalina.startup.HostConfig.check(HostConfig.java:1440)
	at org.apache.catalina.startup.HostConfig.lifecycleEvent(HostConfig.java:301)
	at org.apache.catalina.util.LifecycleSupport.fireLifecycleEvent(LifecycleSupport.java:119)
	at org.apache.catalina.util.LifecycleBase.fireLifecycleEvent(LifecycleBase.java:90)
	at org.apache.catalina.core.ContainerBase.backgroundProcess(ContainerBase.java:1374)
	at org.apache.catalina.core.ContainerBase$ContainerBackgroundProcessor.processChildren(ContainerBase.java:1530)
	at org.apache.catalina.core.ContainerBase$ContainerBackgroundProcessor.processChildren(ContainerBase.java:1540)
	at org.apache.catalina.core.ContainerBase$ContainerBackgroundProcessor.run(ContainerBase.java:1519)
	at java.lang.Thread.run(Unknown Source)
Caused by: java.lang.IllegalArgumentException: The servlets named [registration] and [Registration_servlet] are both mapped to the url-pattern [/Registration_servlet] which is not permitted
	at org.apache.catalina.deploy.WebXml.addServletMapping(WebXml.java:335)
	at org.apache.catalina.startup.ContextConfig.processAnnotationWebServlet(ContextConfig.java:2412)
	at org.apache.catalina.startup.ContextConfig.processAnnotationsStream(ContextConfig.java:2125)
	at org.apache.catalina.startup.ContextConfig.processAnnotationsJndi(ContextConfig.java:2042)
	at org.apache.catalina.startup.ContextConfig.processAnnotationsUrl(ContextConfig.java:1949)
	at org.apache.catalina.startup.ContextConfig.webConfig(ContextConfig.java:1307)
	at org.apache.catalina.startup.ContextConfig.configureStart(ContextConfig.java:878)
	at org.apache.catalina.startup.ContextConfig.lifecycleEvent(ContextConfig.java:369)
	at org.apache.catalina.util.LifecycleSupport.fireLifecycleEvent(LifecycleSupport.java:119)
	at org.apache.catalina.util.LifecycleBase.fireLifecycleEvent(LifecycleBase.java:90)
	at org.apache.catalina.core.StandardContext.startInternal(StandardContext.java:5179)
	at org.apache.catalina.util.LifecycleBase.start(LifecycleBase.java:150)
	... 11 more
Jan 31, 2013 9:51:41 AM org.apache.catalina.core.StandardContext reload
INFO: Reloading Context with name [/test_nathan] is completed
Jan 31, 2013 10:02:31 AM org.apache.catalina.startup.HostConfig checkResources
INFO: Reloading context [/test_nathan]
Jan 31, 2013 10:02:31 AM org.apache.catalina.startup.HostConfig checkResources
WARNING: Error during context [/test_nathan] restart
org.apache.catalina.LifecycleException: Failed to start component [StandardEngine[Catalina].StandardHost[localhost].StandardContext[/test_nathan]]
	at org.apache.catalina.util.LifecycleBase.start(LifecycleBase.java:154)
	at org.apache.catalina.startup.HostConfig.checkResources(HostConfig.java:1276)
	at org.apache.catalina.startup.HostConfig.check(HostConfig.java:1440)
	at org.apache.catalina.startup.HostConfig.lifecycleEvent(HostConfig.java:301)
	at org.apache.catalina.util.LifecycleSupport.fireLifecycleEvent(LifecycleSupport.java:119)
	at org.apache.catalina.util.LifecycleBase.fireLifecycleEvent(LifecycleBase.java:90)
	at org.apache.catalina.core.ContainerBase.backgroundProcess(ContainerBase.java:1374)
	at org.apache.catalina.core.ContainerBase$ContainerBackgroundProcessor.processChildren(ContainerBase.java:1530)
	at org.apache.catalina.core.ContainerBase$ContainerBackgroundProcessor.processChildren(ContainerBase.java:1540)
	at org.apache.catalina.core.ContainerBase$ContainerBackgroundProcessor.run(ContainerBase.java:1519)
	at java.lang.Thread.run(Unknown Source)
Caused by: java.lang.IllegalArgumentException: The servlets named [registration] and [Registration_servlet] are both mapped to the url-pattern [/Registration_servlet] which is not permitted
	at org.apache.catalina.deploy.WebXml.addServletMapping(WebXml.java:335)
	at org.apache.catalina.startup.ContextConfig.processAnnotationWebServlet(ContextConfig.java:2412)
	at org.apache.catalina.startup.ContextConfig.processAnnotationsStream(ContextConfig.java:2125)
	at org.apache.catalina.startup.ContextConfig.processAnnotationsJndi(ContextConfig.java:2042)
	at org.apache.catalina.startup.ContextConfig.processAnnotationsUrl(ContextConfig.java:1949)
	at org.apache.catalina.startup.ContextConfig.webConfig(ContextConfig.java:1307)
	at org.apache.catalina.startup.ContextConfig.configureStart(ContextConfig.java:878)
	at org.apache.catalina.startup.ContextConfig.lifecycleEvent(ContextConfig.java:369)
	at org.apache.catalina.util.LifecycleSupport.fireLifecycleEvent(LifecycleSupport.java:119)
	at org.apache.catalina.util.LifecycleBase.fireLifecycleEvent(LifecycleBase.java:90)
	at org.apache.catalina.core.StandardContext.startInternal(StandardContext.java:5179)
	at org.apache.catalina.util.LifecycleBase.start(LifecycleBase.java:150)
	... 10 more
Jan 31, 2013 10:05:31 AM org.apache.catalina.startup.HostConfig checkResources
INFO: Reloading context [/test_nathan]
Jan 31, 2013 10:05:38 AM org.apache.catalina.util.LifecycleBase start
INFO: The start() method was called on component [StandardEngine[Catalina].StandardHost[localhost].StandardContext[/test_nathan]] after start() had already been called. The second call will be ignored.
Jan 31, 2013 10:09:46 AM org.apache.catalina.core.StandardContext reload
INFO: Reloading Context with name [/test_nathan] has started
Jan 31, 2013 10:09:46 AM org.apache.catalina.core.StandardContext reload
INFO: Reloading Context with name [/test_nathan] is completed
Jan 31, 2013 10:11:22 AM org.apache.catalina.startup.HostConfig checkResources
INFO: Reloading context [/test_nathan]
Jan 31, 2013 10:11:22 AM org.apache.catalina.core.StandardContext reload
INFO: Reloading Context with name [/test_nathan] has started
Jan 31, 2013 10:11:22 AM org.apache.catalina.core.StandardContext reload
INFO: Reloading Context with name [/test_nathan] is completed
Jan 31, 2013 10:11:27 AM org.apache.catalina.core.StandardContext reload
INFO: Reloading Context with name [/test_nathan] has started
Jan 31, 2013 10:11:27 AM org.apache.catalina.core.StandardContext reload
INFO: Reloading Context with name [/test_nathan] is completed
Jan 31, 2013 10:11:52 AM org.apache.catalina.startup.HostConfig checkResources
INFO: Reloading context [/test_nathan]
Jan 31, 2013 10:11:52 AM org.apache.catalina.core.StandardContext reload
INFO: Reloading Context with name [/test_nathan] has started
Jan 31, 2013 10:11:53 AM org.apache.catalina.core.StandardContext reload
INFO: Reloading Context with name [/test_nathan] is completed
Jan 31, 2013 10:12:02 AM org.apache.catalina.core.StandardContext reload
INFO: Reloading Context with name [/test_nathan] has started
Jan 31, 2013 10:12:02 AM org.apache.catalina.core.StandardContext reload
INFO: Reloading Context with name [/test_nathan] is completed
Jan 31, 2013 10:15:13 AM org.apache.catalina.startup.HostConfig checkResources
INFO: Reloading context [/test_nathan]
Jan 31, 2013 10:15:13 AM org.apache.catalina.core.StandardContext reload
INFO: Reloading Context with name [/test_nathan] has started
Jan 31, 2013 10:15:13 AM org.apache.catalina.core.StandardContext reload
INFO: Reloading Context with name [/test_nathan] is completed
Jan 31, 2013 10:15:33 AM org.apache.catalina.core.StandardContext reload
INFO: Reloading Context with name [/test_nathan] has started
Jan 31, 2013 10:15:34 AM org.apache.catalina.core.StandardContext reload
INFO: Reloading Context with name [/test_nathan] is completed
Jan 31, 2013 10:20:33 AM org.apache.catalina.startup.HostConfig checkResources
INFO: Reloading context [/test_nathan]
Jan 31, 2013 10:20:33 AM org.apache.catalina.core.StandardContext reload
INFO: Reloading Context with name [/test_nathan] has started
Jan 31, 2013 10:20:34 AM org.apache.catalina.core.StandardContext reload
INFO: Reloading Context with name [/test_nathan] is completed
Jan 31, 2013 10:20:41 AM org.apache.catalina.core.StandardContext reload
INFO: Reloading Context with name [/test_nathan] has started
Jan 31, 2013 10:20:42 AM org.apache.catalina.core.StandardContext reload
INFO: Reloading Context with name [/test_nathan] is completed
Jan 31, 2013 10:24:14 AM org.apache.catalina.startup.HostConfig checkResources
INFO: Reloading context [/test_nathan]
Jan 31, 2013 10:24:14 AM org.apache.catalina.core.StandardContext reload
INFO: Reloading Context with name [/test_nathan] has started
Jan 31, 2013 10:24:14 AM org.apache.catalina.core.StandardContext reload
INFO: Reloading Context with name [/test_nathan] is completed
Jan 31, 2013 10:24:15 AM org.apache.catalina.core.StandardContext reload
INFO: Reloading Context with name [/test_nathan] has started
Jan 31, 2013 10:24:15 AM org.apache.catalina.core.StandardContext reload
INFO: Reloading Context with name [/test_nathan] is completed
Jan 31, 2013 10:26:34 AM org.apache.catalina.startup.HostConfig checkResources
INFO: Reloading context [/test_nathan]
Jan 31, 2013 10:26:34 AM org.apache.catalina.core.StandardContext reload
INFO: Reloading Context with name [/test_nathan] has started
Jan 31, 2013 10:26:35 AM org.apache.catalina.core.StandardContext reload
INFO: Reloading Context with name [/test_nathan] is completed
Jan 31, 2013 10:27:35 AM org.apache.catalina.startup.HostConfig checkResources
INFO: Reloading context [/test_nathan]
Jan 31, 2013 10:27:35 AM org.apache.catalina.core.StandardContext reload
INFO: Reloading Context with name [/test_nathan] has started
Jan 31, 2013 10:27:35 AM org.apache.catalina.core.StandardContext reload
INFO: Reloading Context with name [/test_nathan] is completed
Jan 31, 2013 10:27:43 AM org.apache.catalina.core.StandardContext reload
INFO: Reloading Context with name [/test_nathan] has started
Jan 31, 2013 10:27:44 AM org.apache.catalina.core.StandardContext reload
INFO: Reloading Context with name [/test_nathan] is completed
Jan 31, 2013 10:29:05 AM org.apache.catalina.startup.HostConfig checkResources
INFO: Reloading context [/test_nathan]
Jan 31, 2013 10:29:05 AM org.apache.catalina.core.StandardContext reload
INFO: Reloading Context with name [/test_nathan] has started
Jan 31, 2013 10:29:06 AM org.apache.catalina.core.StandardContext reload
INFO: Reloading Context with name [/test_nathan] is completed
Jan 31, 2013 10:29:07 AM org.apache.catalina.core.StandardContext reload
INFO: Reloading Context with name [/test_nathan] has started
Jan 31, 2013 10:29:08 AM org.apache.catalina.core.StandardContext reload
INFO: Reloading Context with name [/test_nathan] is completed
Jan 31, 2013 10:40:16 AM org.apache.catalina.startup.HostConfig checkResources
INFO: Reloading context [/test_nathan]
Jan 31, 2013 10:40:16 AM org.apache.catalina.core.StandardContext reload
INFO: Reloading Context with name [/test_nathan] has started
Jan 31, 2013 10:40:16 AM org.apache.catalina.core.StandardContext reload
INFO: Reloading Context with name [/test_nathan] is completed
Jan 31, 2013 10:40:53 AM org.apache.catalina.core.StandardContext reload
INFO: Reloading Context with name [/test_nathan] has started
Jan 31, 2013 10:40:54 AM org.apache.catalina.core.StandardContext reload
INFO: Reloading Context with name [/test_nathan] is completed
Jan 31, 2013 10:42:16 AM org.apache.catalina.startup.HostConfig checkResources
INFO: Reloading context [/stuess_test]
Jan 31, 2013 10:42:16 AM org.apache.catalina.core.StandardContext reload
INFO: Reloading Context with name [/stuess_test] has started
Jan 31, 2013 10:42:17 AM org.apache.catalina.core.StandardContext reload
INFO: Reloading Context with name [/stuess_test] is completed
Jan 31, 2013 10:42:17 AM org.apache.catalina.startup.HostConfig checkResources
INFO: Reloading context [/miles_test]
Jan 31, 2013 10:42:17 AM org.apache.catalina.loader.WebappClassLoader clearReferencesThreads
SEVERE: The web application [/miles_test] appears to have started a thread named [Abandoned connection cleanup thread] but has failed to stop it. This is very likely to create a memory leak.
Jan 31, 2013 10:42:27 AM org.apache.catalina.startup.HostConfig checkResources
INFO: Reloading context [/stuess_test]
Jan 31, 2013 10:42:27 AM org.apache.catalina.core.StandardContext reload
INFO: Reloading Context with name [/stuess_test] has started
Jan 31, 2013 10:42:27 AM org.apache.catalina.core.StandardContext reload
INFO: Reloading Context with name [/stuess_test] is completed
Jan 31, 2013 10:42:27 AM org.apache.catalina.startup.HostConfig checkResources
INFO: Reloading context [/test_nathan]
Jan 31, 2013 10:42:27 AM org.apache.catalina.core.StandardContext reload
INFO: Reloading Context with name [/test_nathan] has started
Jan 31, 2013 10:42:28 AM org.apache.catalina.core.StandardContext reload
INFO: Reloading Context with name [/test_nathan] is completed
Jan 31, 2013 10:45:28 AM org.apache.catalina.startup.HostConfig checkResources
INFO: Reloading context [/test_nathan]
Jan 31, 2013 10:45:28 AM org.apache.catalina.core.StandardContext reload
INFO: Reloading Context with name [/test_nathan] has started
Jan 31, 2013 10:45:28 AM org.apache.catalina.core.StandardContext reload
INFO: Reloading Context with name [/test_nathan] is completed
Jan 31, 2013 10:45:46 AM org.apache.catalina.core.StandardContext reload
INFO: Reloading Context with name [/test_nathan] has started
Jan 31, 2013 10:45:47 AM org.apache.catalina.core.StandardContext reload
INFO: Reloading Context with name [/test_nathan] is completed
Jan 31, 2013 10:53:49 AM org.apache.catalina.startup.HostConfig checkResources
INFO: Reloading context [/test_nathan]
Jan 31, 2013 10:53:49 AM org.apache.catalina.core.StandardContext reload
INFO: Reloading Context with name [/test_nathan] has started
Jan 31, 2013 10:53:49 AM org.apache.catalina.core.StandardContext reload
INFO: Reloading Context with name [/test_nathan] is completed
Jan 31, 2013 10:53:59 AM org.apache.catalina.core.StandardContext reload
INFO: Reloading Context with name [/test_nathan] has started
Jan 31, 2013 10:53:59 AM org.apache.catalina.core.StandardContext reload
INFO: Reloading Context with name [/test_nathan] is completed
Jan 31, 2013 10:54:40 AM org.apache.catalina.startup.HostConfig deleteRedeployResources
INFO: Undeploying context [/miles_test]
Jan 31, 2013 10:55:40 AM org.apache.catalina.startup.HostConfig deployDirectory
INFO: Deploying web application directory C:\Users\Handy_man\tomcat\webapps\miles
Jan 31, 2013 11:08:00 AM org.apache.catalina.startup.HostConfig checkResources
INFO: Reloading context [/test_nathan]
Jan 31, 2013 11:08:00 AM org.apache.catalina.core.StandardContext reload
INFO: Reloading Context with name [/test_nathan] has started
Jan 31, 2013 11:08:00 AM org.apache.catalina.startup.ContextConfig processAnnotationsJndi
SEVERE: Unable to process resource element [jndi:/localhost/test_nathan/WEB-INF/classes/Registration_servlet.class] for annotations
java.io.EOFException
	at java.io.DataInputStream.readInt(Unknown Source)
	at org.apache.tomcat.util.bcel.classfile.ClassParser.readID(ClassParser.java:237)
	at org.apache.tomcat.util.bcel.classfile.ClassParser.parse(ClassParser.java:114)
	at org.apache.catalina.startup.ContextConfig.processAnnotationsStream(ContextConfig.java:2105)
	at org.apache.catalina.startup.ContextConfig.processAnnotationsJndi(ContextConfig.java:2042)
	at org.apache.catalina.startup.ContextConfig.processAnnotationsUrl(ContextConfig.java:1949)
	at org.apache.catalina.startup.ContextConfig.webConfig(ContextConfig.java:1307)
	at org.apache.catalina.startup.ContextConfig.configureStart(ContextConfig.java:878)
	at org.apache.catalina.startup.ContextConfig.lifecycleEvent(ContextConfig.java:369)
	at org.apache.catalina.util.LifecycleSupport.fireLifecycleEvent(LifecycleSupport.java:119)
	at org.apache.catalina.util.LifecycleBase.fireLifecycleEvent(LifecycleBase.java:90)
	at org.apache.catalina.core.StandardContext.startInternal(StandardContext.java:5179)
	at org.apache.catalina.util.LifecycleBase.start(LifecycleBase.java:150)
	at org.apache.catalina.core.StandardContext.reload(StandardContext.java:3926)
	at org.apache.catalina.startup.HostConfig.checkResources(HostConfig.java:1271)
	at org.apache.catalina.startup.HostConfig.check(HostConfig.java:1440)
	at org.apache.catalina.startup.HostConfig.lifecycleEvent(HostConfig.java:301)
	at org.apache.catalina.util.LifecycleSupport.fireLifecycleEvent(LifecycleSupport.java:119)
	at org.apache.catalina.util.LifecycleBase.fireLifecycleEvent(LifecycleBase.java:90)
	at org.apache.catalina.core.ContainerBase.backgroundProcess(ContainerBase.java:1374)
	at org.apache.catalina.core.ContainerBase$ContainerBackgroundProcessor.processChildren(ContainerBase.java:1530)
	at org.apache.catalina.core.ContainerBase$ContainerBackgroundProcessor.processChildren(ContainerBase.java:1540)
	at org.apache.catalina.core.ContainerBase$ContainerBackgroundProcessor.run(ContainerBase.java:1519)
	at java.lang.Thread.run(Unknown Source)
Jan 31, 2013 11:08:00 AM org.apache.catalina.core.StandardContext reload
INFO: Reloading Context with name [/test_nathan] is completed
Jan 31, 2013 11:08:07 AM org.apache.catalina.core.StandardContext reload
INFO: Reloading Context with name [/test_nathan] has started
Jan 31, 2013 11:08:08 AM org.apache.catalina.core.StandardContext reload
INFO: Reloading Context with name [/test_nathan] is completed
Jan 31, 2013 11:12:30 AM org.apache.catalina.startup.HostConfig checkResources
INFO: Reloading context [/test_nathan]
Jan 31, 2013 11:12:30 AM org.apache.catalina.core.StandardContext reload
INFO: Reloading Context with name [/test_nathan] has started
Jan 31, 2013 11:12:31 AM org.apache.catalina.core.StandardContext reload
INFO: Reloading Context with name [/test_nathan] is completed
Jan 31, 2013 11:12:31 AM org.apache.catalina.core.StandardContext reload
INFO: Reloading Context with name [/test_nathan] has started
Jan 31, 2013 11:12:31 AM org.apache.catalina.core.StandardContext reload
INFO: Reloading Context with name [/test_nathan] is completed
Jan 31, 2013 11:14:51 AM org.apache.catalina.startup.HostConfig checkResources
INFO: Reloading context [/test_nathan]
Jan 31, 2013 11:14:51 AM org.apache.catalina.core.StandardContext reload
INFO: Reloading Context with name [/test_nathan] has started
Jan 31, 2013 11:14:51 AM org.apache.catalina.core.StandardContext reload
INFO: Reloading Context with name [/test_nathan] is completed
Jan 31, 2013 11:14:53 AM org.apache.catalina.core.StandardContext reload
INFO: Reloading Context with name [/test_nathan] has started
Jan 31, 2013 11:14:54 AM org.apache.catalina.core.StandardContext reload
INFO: Reloading Context with name [/test_nathan] is completed
Jan 31, 2013 11:21:41 AM org.apache.catalina.startup.HostConfig checkResources
INFO: Reloading context [/test_nathan]
Jan 31, 2013 11:21:41 AM org.apache.catalina.core.StandardContext reload
INFO: Reloading Context with name [/test_nathan] has started
Jan 31, 2013 11:21:42 AM org.apache.catalina.core.StandardContext reload
INFO: Reloading Context with name [/test_nathan] is completed
Jan 31, 2013 11:22:28 AM org.apache.catalina.core.StandardContext reload
INFO: Reloading Context with name [/test_nathan] has started
Jan 31, 2013 11:22:28 AM org.apache.catalina.core.StandardContext reload
INFO: Reloading Context with name [/test_nathan] is completed
Jan 31, 2013 11:25:32 AM org.apache.catalina.startup.HostConfig checkResources
INFO: Reloading context [/test_nathan]
Jan 31, 2013 11:25:32 AM org.apache.catalina.core.StandardContext reload
INFO: Reloading Context with name [/test_nathan] has started
Jan 31, 2013 11:25:32 AM org.apache.catalina.core.StandardContext reload
INFO: Reloading Context with name [/test_nathan] is completed
Jan 31, 2013 11:25:37 AM org.apache.catalina.core.StandardContext reload
INFO: Reloading Context with name [/test_nathan] has started
Jan 31, 2013 11:25:37 AM org.apache.catalina.core.StandardContext reload
INFO: Reloading Context with name [/test_nathan] is completed
Jan 31, 2013 11:26:32 AM org.apache.catalina.startup.HostConfig checkResources
INFO: Reloading context [/test_nathan]
Jan 31, 2013 11:26:32 AM org.apache.catalina.core.StandardContext reload
INFO: Reloading Context with name [/test_nathan] has started
Jan 31, 2013 11:26:33 AM org.apache.catalina.core.StandardContext reload
INFO: Reloading Context with name [/test_nathan] is completed
Jan 31, 2013 11:26:39 AM org.apache.catalina.core.StandardContext reload
INFO: Reloading Context with name [/test_nathan] has started
Jan 31, 2013 11:26:40 AM org.apache.catalina.core.StandardContext reload
INFO: Reloading Context with name [/test_nathan] is completed
Jan 31, 2013 11:53:13 AM org.apache.catalina.startup.HostConfig checkResources
INFO: Reloading context [/test_nathan]
Jan 31, 2013 11:53:13 AM org.apache.catalina.core.StandardContext reload
INFO: Reloading Context with name [/test_nathan] has started
Jan 31, 2013 11:53:14 AM org.apache.catalina.core.StandardContext reload
INFO: Reloading Context with name [/test_nathan] is completed
Jan 31, 2013 11:53:15 AM org.apache.catalina.core.StandardContext reload
INFO: Reloading Context with name [/test_nathan] has started
Jan 31, 2013 11:53:15 AM org.apache.catalina.core.StandardContext reload
INFO: Reloading Context with name [/test_nathan] is completed
Jan 31, 2013 12:02:18 PM org.apache.catalina.core.StandardContext reload
INFO: Reloading Context with name [/test_nathan] has started
Jan 31, 2013 12:02:19 PM org.apache.catalina.core.StandardContext reload
INFO: Reloading Context with name [/test_nathan] is completed
Jan 31, 2013 12:02:24 PM org.apache.catalina.startup.HostConfig checkResources
INFO: Reloading context [/test_nathan]
Jan 31, 2013 12:02:24 PM org.apache.catalina.core.StandardContext reload
INFO: Reloading Context with name [/test_nathan] has started
Jan 31, 2013 12:02:24 PM org.apache.catalina.core.StandardContext reload
INFO: Reloading Context with name [/test_nathan] is completed
Jan 31, 2013 12:13:54 PM org.apache.catalina.startup.HostConfig checkResources
INFO: Reloading context [/test_nathan]
Jan 31, 2013 12:13:54 PM org.apache.catalina.core.StandardContext reload
INFO: Reloading Context with name [/test_nathan] has started
Jan 31, 2013 12:13:55 PM org.apache.catalina.core.StandardContext reload
INFO: Reloading Context with name [/test_nathan] is completed
Jan 31, 2013 12:14:15 PM org.apache.catalina.core.StandardContext reload
INFO: Reloading Context with name [/test_nathan] has started
Jan 31, 2013 12:14:15 PM org.apache.catalina.core.StandardContext reload
INFO: Reloading Context with name [/test_nathan] is completed
Jan 31, 2013 12:15:25 PM org.apache.catalina.startup.HostConfig checkResources
INFO: Reloading context [/test_nathan]
Jan 31, 2013 12:15:25 PM org.apache.catalina.core.StandardContext reload
INFO: Reloading Context with name [/test_nathan] has started
Jan 31, 2013 12:15:25 PM org.apache.catalina.core.StandardContext reload
INFO: Reloading Context with name [/test_nathan] is completed
Jan 31, 2013 12:15:37 PM org.apache.catalina.core.StandardContext reload
INFO: Reloading Context with name [/test_nathan] has started
Jan 31, 2013 12:15:38 PM org.apache.catalina.core.StandardContext reload
INFO: Reloading Context with name [/test_nathan] is completed
Jan 31, 2013 12:27:56 PM org.apache.catalina.startup.HostConfig checkResources
INFO: Reloading context [/test_nathan]
Jan 31, 2013 12:27:56 PM org.apache.catalina.core.StandardContext reload
INFO: Reloading Context with name [/test_nathan] has started
Jan 31, 2013 12:27:56 PM org.apache.catalina.core.StandardContext reload
INFO: Reloading Context with name [/test_nathan] is completed
Jan 31, 2013 12:42:26 PM org.apache.catalina.startup.HostConfig checkResources
INFO: Reloading context [/test_nathan]
Jan 31, 2013 12:42:26 PM org.apache.catalina.core.StandardContext reload
INFO: Reloading Context with name [/test_nathan] has started
Jan 31, 2013 12:42:27 PM org.apache.catalina.core.StandardContext reload
INFO: Reloading Context with name [/test_nathan] is completed
Jan 31, 2013 1:19:27 PM org.apache.catalina.startup.HostConfig checkResources
INFO: Reloading context [/test_nathan]
Jan 31, 2013 1:19:27 PM org.apache.catalina.core.StandardContext reload
INFO: Reloading Context with name [/test_nathan] has started
Jan 31, 2013 1:19:28 PM org.apache.catalina.core.StandardContext reload
INFO: Reloading Context with name [/test_nathan] is completed
Jan 31, 2013 2:40:39 PM org.apache.catalina.startup.HostConfig checkResources
INFO: Reloading context [/stuess_test]
Jan 31, 2013 2:40:39 PM org.apache.catalina.core.StandardContext reload
INFO: Reloading Context with name [/stuess_test] has started
Jan 31, 2013 2:40:39 PM org.apache.catalina.core.StandardContext reload
INFO: Reloading Context with name [/stuess_test] is completed
Jan 31, 2013 2:41:29 PM org.apache.catalina.startup.HostConfig checkResources
INFO: Reloading context [/test_nathan]
Jan 31, 2013 2:41:29 PM org.apache.catalina.core.StandardContext reload
INFO: Reloading Context with name [/test_nathan] has started
Jan 31, 2013 2:41:30 PM org.apache.catalina.startup.ContextConfig processAnnotationsJndi
SEVERE: Unable to process resource element [jndi:/localhost/test_nathan/WEB-INF/classes/Login_servlet.class] for annotations
java.io.EOFException
	at java.io.DataInputStream.readFully(Unknown Source)
	at java.io.DataInputStream.readFully(Unknown Source)
	at org.apache.tomcat.util.bcel.classfile.Code.<init>(Code.java:70)
	at org.apache.tomcat.util.bcel.classfile.Attribute.readAttribute(Attribute.java:126)
	at org.apache.tomcat.util.bcel.classfile.FieldOrMethod.<init>(FieldOrMethod.java:58)
	at org.apache.tomcat.util.bcel.classfile.Method.<init>(Method.java:72)
	at org.apache.tomcat.util.bcel.classfile.ClassParser.readMethods(ClassParser.java:268)
	at org.apache.tomcat.util.bcel.classfile.ClassParser.parse(ClassParser.java:128)
	at org.apache.catalina.startup.ContextConfig.processAnnotationsStream(ContextConfig.java:2105)
	at org.apache.catalina.startup.ContextConfig.processAnnotationsJndi(ContextConfig.java:2042)
	at org.apache.catalina.startup.ContextConfig.processAnnotationsUrl(ContextConfig.java:1949)
	at org.apache.catalina.startup.ContextConfig.webConfig(ContextConfig.java:1307)
	at org.apache.catalina.startup.ContextConfig.configureStart(ContextConfig.java:878)
	at org.apache.catalina.startup.ContextConfig.lifecycleEvent(ContextConfig.java:369)
	at org.apache.catalina.util.LifecycleSupport.fireLifecycleEvent(LifecycleSupport.java:119)
	at org.apache.catalina.util.LifecycleBase.fireLifecycleEvent(LifecycleBase.java:90)
	at org.apache.catalina.core.StandardContext.startInternal(StandardContext.java:5179)
	at org.apache.catalina.util.LifecycleBase.start(LifecycleBase.java:150)
	at org.apache.catalina.core.StandardContext.reload(StandardContext.java:3926)
	at org.apache.catalina.startup.HostConfig.checkResources(HostConfig.java:1271)
	at org.apache.catalina.startup.HostConfig.check(HostConfig.java:1440)
	at org.apache.catalina.startup.HostConfig.lifecycleEvent(HostConfig.java:301)
	at org.apache.catalina.util.LifecycleSupport.fireLifecycleEvent(LifecycleSupport.java:119)
	at org.apache.catalina.util.LifecycleBase.fireLifecycleEvent(LifecycleBase.java:90)
	at org.apache.catalina.core.ContainerBase.backgroundProcess(ContainerBase.java:1374)
	at org.apache.catalina.core.ContainerBase$ContainerBackgroundProcessor.processChildren(ContainerBase.java:1530)
	at org.apache.catalina.core.ContainerBase$ContainerBackgroundProcessor.processChildren(ContainerBase.java:1540)
	at org.apache.catalina.core.ContainerBase$ContainerBackgroundProcessor.run(ContainerBase.java:1519)
	at java.lang.Thread.run(Unknown Source)
Jan 31, 2013 2:41:30 PM org.apache.catalina.core.StandardContext reload
INFO: Reloading Context with name [/test_nathan] is completed
Jan 31, 2013 2:42:17 PM org.apache.catalina.core.StandardContext reload
INFO: Reloading Context with name [/test_nathan] has started
Jan 31, 2013 2:42:18 PM org.apache.catalina.core.StandardContext reload
INFO: Reloading Context with name [/test_nathan] is completed
Jan 31, 2013 2:48:00 PM org.apache.catalina.startup.HostConfig checkResources
INFO: Reloading context [/test_nathan]
Jan 31, 2013 2:48:00 PM org.apache.catalina.core.StandardContext reload
INFO: Reloading Context with name [/test_nathan] has started
Jan 31, 2013 2:48:00 PM org.apache.catalina.core.StandardContext reload
INFO: Reloading Context with name [/test_nathan] is completed
Jan 31, 2013 2:48:18 PM org.apache.catalina.core.StandardContext reload
INFO: Reloading Context with name [/test_nathan] has started
Jan 31, 2013 2:48:19 PM org.apache.catalina.core.StandardContext reload
INFO: Reloading Context with name [/test_nathan] is completed
Jan 31, 2013 2:52:30 PM org.apache.catalina.core.StandardContext reload
INFO: Reloading Context with name [/test_nathan] has started
Jan 31, 2013 2:52:30 PM org.apache.catalina.startup.HostConfig checkResources
INFO: Reloading context [/test_nathan]
Jan 31, 2013 2:52:31 PM org.apache.catalina.core.StandardContext reload
INFO: Reloading Context with name [/test_nathan] is completed
Jan 31, 2013 2:52:31 PM org.apache.catalina.util.LifecycleBase start
INFO: The start() method was called on component [StandardEngine[Catalina].StandardHost[localhost].StandardContext[/test_nathan]] after start() had already been called. The second call will be ignored.
Jan 31, 2013 3:08:41 PM org.apache.catalina.startup.HostConfig checkResources
INFO: Reloading context [/test_nathan]
Jan 31, 2013 3:08:41 PM org.apache.catalina.core.StandardContext reload
INFO: Reloading Context with name [/test_nathan] has started
Jan 31, 2013 3:08:41 PM org.apache.catalina.core.StandardContext reload
INFO: Reloading Context with name [/test_nathan] is completed
Jan 31, 2013 3:08:46 PM org.apache.catalina.core.StandardContext reload
INFO: Reloading Context with name [/test_nathan] has started
Jan 31, 2013 3:08:47 PM org.apache.catalina.core.StandardContext reload
INFO: Reloading Context with name [/test_nathan] is completed
Jan 31, 2013 3:11:28 PM org.apache.catalina.core.StandardContext reload
INFO: Reloading Context with name [/test_nathan] has started
Jan 31, 2013 3:11:28 PM org.apache.catalina.core.StandardContext reload
INFO: Reloading Context with name [/test_nathan] is completed
Jan 31, 2013 3:11:31 PM org.apache.catalina.startup.HostConfig checkResources
INFO: Reloading context [/test_nathan]
Jan 31, 2013 3:11:31 PM org.apache.catalina.core.StandardContext reload
INFO: Reloading Context with name [/test_nathan] has started
Jan 31, 2013 3:11:32 PM org.apache.catalina.core.StandardContext reload
INFO: Reloading Context with name [/test_nathan] is completed
Jan 31, 2013 3:15:00 PM org.apache.coyote.AbstractProtocol pause
INFO: Pausing ProtocolHandler ["http-apr-80"]
Jan 31, 2013 3:15:00 PM org.apache.coyote.AbstractProtocol pause
INFO: Pausing ProtocolHandler ["ajp-apr-8009"]
Jan 31, 2013 3:15:00 PM org.apache.catalina.core.StandardService stopInternal
INFO: Stopping service Catalina
Jan 31, 2013 3:15:01 PM org.apache.coyote.AbstractProtocol stop
INFO: Stopping ProtocolHandler ["http-apr-80"]
Jan 31, 2013 3:15:01 PM org.apache.coyote.AbstractProtocol stop
INFO: Stopping ProtocolHandler ["ajp-apr-8009"]
Jan 31, 2013 3:43:13 PM org.apache.catalina.core.AprLifecycleListener init
INFO: Loaded APR based Apache Tomcat Native library 1.1.24 using APR version 1.4.6.
Jan 31, 2013 3:43:13 PM org.apache.catalina.core.AprLifecycleListener init
INFO: APR capabilities: IPv6 [true], sendfile [true], accept filters [false], random [true].
Jan 31, 2013 3:43:13 PM org.apache.catalina.core.AprLifecycleListener initializeSSL
INFO: OpenSSL successfully initialized (OpenSSL 1.0.1c 10 May 2012)
Jan 31, 2013 3:43:14 PM org.apache.coyote.AbstractProtocol init
INFO: Initializing ProtocolHandler ["http-apr-80"]
Jan 31, 2013 3:43:14 PM org.apache.coyote.AbstractProtocol init
INFO: Initializing ProtocolHandler ["ajp-apr-8009"]
Jan 31, 2013 3:43:14 PM org.apache.catalina.startup.Catalina load
INFO: Initialization processed in 1304 ms
Jan 31, 2013 3:43:14 PM org.apache.catalina.core.StandardService startInternal
INFO: Starting service Catalina
Jan 31, 2013 3:43:14 PM org.apache.catalina.core.StandardEngine startInternal
INFO: Starting Servlet Engine: Apache Tomcat/7.0.35
Jan 31, 2013 3:43:14 PM org.apache.catalina.startup.HostConfig deployWAR
INFO: Deploying web application archive C:\Users\Handy_man\tomcat\webapps\MonsterMashGame.war
Jan 31, 2013 3:43:14 PM org.apache.catalina.startup.HostConfig deployDirectory
INFO: Deploying web application directory C:\Users\Handy_man\tomcat\webapps\docs
Jan 31, 2013 3:43:14 PM org.apache.catalina.startup.HostConfig deployDirectory
INFO: Deploying web application directory C:\Users\Handy_man\tomcat\webapps\examples
Jan 31, 2013 3:43:14 PM org.apache.catalina.startup.HostConfig deployDirectory
INFO: Deploying web application directory C:\Users\Handy_man\tomcat\webapps\host-manager
Jan 31, 2013 3:43:15 PM org.apache.catalina.startup.HostConfig deployDirectory
INFO: Deploying web application directory C:\Users\Handy_man\tomcat\webapps\manager
Jan 31, 2013 3:43:15 PM org.apache.catalina.startup.HostConfig deployDirectory
INFO: Deploying web application directory C:\Users\Handy_man\tomcat\webapps\mgame
Jan 31, 2013 3:43:15 PM org.apache.catalina.startup.HostConfig deployDirectory
INFO: Deploying web application directory C:\Users\Handy_man\tomcat\webapps\miles
Jan 31, 2013 3:43:15 PM org.apache.catalina.startup.HostConfig deployDirectory
INFO: Deploying web application directory C:\Users\Handy_man\tomcat\webapps\monstermash
Jan 31, 2013 3:43:15 PM org.apache.tomcat.util.digester.Digester fatalError
SEVERE: Parse Fatal Error at line 22 column 60: The element type "servle-class" must be terminated by the matching end-tag "</servle-class>".
org.xml.sax.SAXParseException: The element type "servle-class" must be terminated by the matching end-tag "</servle-class>".
	at com.sun.org.apache.xerces.internal.util.ErrorHandlerWrapper.createSAXParseException(Unknown Source)
	at com.sun.org.apache.xerces.internal.util.ErrorHandlerWrapper.fatalError(Unknown Source)
	at com.sun.org.apache.xerces.internal.impl.XMLErrorReporter.reportError(Unknown Source)
	at com.sun.org.apache.xerces.internal.impl.XMLScanner.reportFatalError(Unknown Source)
	at com.sun.org.apache.xerces.internal.impl.XMLDocumentFragmentScannerImpl.scanEndElement(Unknown Source)
	at com.sun.org.apache.xerces.internal.impl.XMLDocumentFragmentScannerImpl$FragmentContentDriver.next(Unknown Source)
	at com.sun.org.apache.xerces.internal.impl.XMLDocumentScannerImpl.next(Unknown Source)
	at com.sun.org.apache.xerces.internal.impl.XMLDocumentFragmentScannerImpl.scanDocument(Unknown Source)
	at com.sun.org.apache.xerces.internal.parsers.XML11Configuration.parse(Unknown Source)
	at com.sun.org.apache.xerces.internal.parsers.XML11Configuration.parse(Unknown Source)
	at com.sun.org.apache.xerces.internal.parsers.XMLParser.parse(Unknown Source)
	at com.sun.org.apache.xerces.internal.parsers.AbstractSAXParser.parse(Unknown Source)
	at com.sun.org.apache.xerces.internal.jaxp.SAXParserImpl$JAXPSAXParser.parse(Unknown Source)
	at org.apache.tomcat.util.digester.Digester.parse(Digester.java:1537)
	at org.apache.catalina.startup.ContextConfig.parseWebXml(ContextConfig.java:1879)
	at org.apache.catalina.startup.ContextConfig.webConfig(ContextConfig.java:1259)
	at org.apache.catalina.startup.ContextConfig.configureStart(ContextConfig.java:878)
	at org.apache.catalina.startup.ContextConfig.lifecycleEvent(ContextConfig.java:369)
	at org.apache.catalina.util.LifecycleSupport.fireLifecycleEvent(LifecycleSupport.java:119)
	at org.apache.catalina.util.LifecycleBase.fireLifecycleEvent(LifecycleBase.java:90)
	at org.apache.catalina.core.StandardContext.startInternal(StandardContext.java:5179)
	at org.apache.catalina.util.LifecycleBase.start(LifecycleBase.java:150)
	at org.apache.catalina.core.ContainerBase.addChildInternal(ContainerBase.java:901)
	at org.apache.catalina.core.ContainerBase.addChild(ContainerBase.java:877)
	at org.apache.catalina.core.StandardHost.addChild(StandardHost.java:633)
	at org.apache.catalina.startup.HostConfig.deployDirectory(HostConfig.java:1114)
	at org.apache.catalina.startup.HostConfig$DeployDirectory.run(HostConfig.java:1673)
	at java.util.concurrent.Executors$RunnableAdapter.call(Unknown Source)
	at java.util.concurrent.FutureTask$Sync.innerRun(Unknown Source)
	at java.util.concurrent.FutureTask.run(Unknown Source)
	at java.util.concurrent.ThreadPoolExecutor$Worker.runTask(Unknown Source)
	at java.util.concurrent.ThreadPoolExecutor$Worker.run(Unknown Source)
	at java.lang.Thread.run(Unknown Source)
Jan 31, 2013 3:43:15 PM org.apache.catalina.startup.ContextConfig parseWebXml
SEVERE: Parse error in application web.xml file at jndi:/localhost/monstermash/WEB-INF/web.xml
org.xml.sax.SAXParseException: The element type "servle-class" must be terminated by the matching end-tag "</servle-class>".
	at com.sun.org.apache.xerces.internal.util.ErrorHandlerWrapper.createSAXParseException(Unknown Source)
	at com.sun.org.apache.xerces.internal.util.ErrorHandlerWrapper.fatalError(Unknown Source)
	at com.sun.org.apache.xerces.internal.impl.XMLErrorReporter.reportError(Unknown Source)
	at com.sun.org.apache.xerces.internal.impl.XMLScanner.reportFatalError(Unknown Source)
	at com.sun.org.apache.xerces.internal.impl.XMLDocumentFragmentScannerImpl.scanEndElement(Unknown Source)
	at com.sun.org.apache.xerces.internal.impl.XMLDocumentFragmentScannerImpl$FragmentContentDriver.next(Unknown Source)
	at com.sun.org.apache.xerces.internal.impl.XMLDocumentScannerImpl.next(Unknown Source)
	at com.sun.org.apache.xerces.internal.impl.XMLDocumentFragmentScannerImpl.scanDocument(Unknown Source)
	at com.sun.org.apache.xerces.internal.parsers.XML11Configuration.parse(Unknown Source)
	at com.sun.org.apache.xerces.internal.parsers.XML11Configuration.parse(Unknown Source)
	at com.sun.org.apache.xerces.internal.parsers.XMLParser.parse(Unknown Source)
	at com.sun.org.apache.xerces.internal.parsers.AbstractSAXParser.parse(Unknown Source)
	at com.sun.org.apache.xerces.internal.jaxp.SAXParserImpl$JAXPSAXParser.parse(Unknown Source)
	at org.apache.tomcat.util.digester.Digester.parse(Digester.java:1537)
	at org.apache.catalina.startup.ContextConfig.parseWebXml(ContextConfig.java:1879)
	at org.apache.catalina.startup.ContextConfig.webConfig(ContextConfig.java:1259)
	at org.apache.catalina.startup.ContextConfig.configureStart(ContextConfig.java:878)
	at org.apache.catalina.startup.ContextConfig.lifecycleEvent(ContextConfig.java:369)
	at org.apache.catalina.util.LifecycleSupport.fireLifecycleEvent(LifecycleSupport.java:119)
	at org.apache.catalina.util.LifecycleBase.fireLifecycleEvent(LifecycleBase.java:90)
	at org.apache.catalina.core.StandardContext.startInternal(StandardContext.java:5179)
	at org.apache.catalina.util.LifecycleBase.start(LifecycleBase.java:150)
	at org.apache.catalina.core.ContainerBase.addChildInternal(ContainerBase.java:901)
	at org.apache.catalina.core.ContainerBase.addChild(ContainerBase.java:877)
	at org.apache.catalina.core.StandardHost.addChild(StandardHost.java:633)
	at org.apache.catalina.startup.HostConfig.deployDirectory(HostConfig.java:1114)
	at org.apache.catalina.startup.HostConfig$DeployDirectory.run(HostConfig.java:1673)
	at java.util.concurrent.Executors$RunnableAdapter.call(Unknown Source)
	at java.util.concurrent.FutureTask$Sync.innerRun(Unknown Source)
	at java.util.concurrent.FutureTask.run(Unknown Source)
	at java.util.concurrent.ThreadPoolExecutor$Worker.runTask(Unknown Source)
	at java.util.concurrent.ThreadPoolExecutor$Worker.run(Unknown Source)
	at java.lang.Thread.run(Unknown Source)
Jan 31, 2013 3:43:15 PM org.apache.catalina.startup.ContextConfig parseWebXml
SEVERE: Occurred at line 22 column 60
Jan 31, 2013 3:43:15 PM org.apache.catalina.startup.ContextConfig configureStart
SEVERE: Marking this application unavailable due to previous error(s)
Jan 31, 2013 3:43:15 PM org.apache.catalina.core.StandardContext startInternal
SEVERE: Error getConfigured
Jan 31, 2013 3:43:15 PM org.apache.catalina.core.StandardContext startInternal
SEVERE: Context [/monstermash] startup failed due to previous errors
Jan 31, 2013 3:43:15 PM org.apache.catalina.startup.HostConfig deployDirectory
INFO: Deploying web application directory C:\Users\Handy_man\tomcat\webapps\MonsterMashGameGlassfish
Jan 31, 2013 3:43:15 PM org.apache.catalina.startup.HostConfig deployDirectory
INFO: Deploying web application directory C:\Users\Handy_man\tomcat\webapps\monstermashnew
Jan 31, 2013 3:43:15 PM org.apache.catalina.startup.HostConfig deployDirectory
INFO: Deploying web application directory C:\Users\Handy_man\tomcat\webapps\N07
Jan 31, 2013 3:43:15 PM org.apache.tomcat.util.digester.Digester fatalError
SEVERE: Parse Fatal Error at line 17 column 19: XML document structures must start and end within the same entity.
org.xml.sax.SAXParseException: XML document structures must start and end within the same entity.
	at com.sun.org.apache.xerces.internal.util.ErrorHandlerWrapper.createSAXParseException(Unknown Source)
	at com.sun.org.apache.xerces.internal.util.ErrorHandlerWrapper.fatalError(Unknown Source)
	at com.sun.org.apache.xerces.internal.impl.XMLErrorReporter.reportError(Unknown Source)
	at com.sun.org.apache.xerces.internal.impl.XMLScanner.reportFatalError(Unknown Source)
	at com.sun.org.apache.xerces.internal.impl.XMLDocumentFragmentScannerImpl.endEntity(Unknown Source)
	at com.sun.org.apache.xerces.internal.impl.XMLDocumentScannerImpl.endEntity(Unknown Source)
	at com.sun.org.apache.xerces.internal.impl.XMLEntityManager.endEntity(Unknown Source)
	at com.sun.org.apache.xerces.internal.impl.XMLEntityScanner.load(Unknown Source)
	at com.sun.org.apache.xerces.internal.impl.XMLEntityScanner.peekChar(Unknown Source)
	at com.sun.org.apache.xerces.internal.impl.XMLDocumentFragmentScannerImpl$FragmentContentDriver.next(Unknown Source)
	at com.sun.org.apache.xerces.internal.impl.XMLDocumentScannerImpl.next(Unknown Source)
	at com.sun.org.apache.xerces.internal.impl.XMLDocumentFragmentScannerImpl.scanDocument(Unknown Source)
	at com.sun.org.apache.xerces.internal.parsers.XML11Configuration.parse(Unknown Source)
	at com.sun.org.apache.xerces.internal.parsers.XML11Configuration.parse(Unknown Source)
	at com.sun.org.apache.xerces.internal.parsers.XMLParser.parse(Unknown Source)
	at com.sun.org.apache.xerces.internal.parsers.AbstractSAXParser.parse(Unknown Source)
	at com.sun.org.apache.xerces.internal.jaxp.SAXParserImpl$JAXPSAXParser.parse(Unknown Source)
	at org.apache.tomcat.util.digester.Digester.parse(Digester.java:1537)
	at org.apache.catalina.startup.ContextConfig.parseWebXml(ContextConfig.java:1879)
	at org.apache.catalina.startup.ContextConfig.webConfig(ContextConfig.java:1259)
	at org.apache.catalina.startup.ContextConfig.configureStart(ContextConfig.java:878)
	at org.apache.catalina.startup.ContextConfig.lifecycleEvent(ContextConfig.java:369)
	at org.apache.catalina.util.LifecycleSupport.fireLifecycleEvent(LifecycleSupport.java:119)
	at org.apache.catalina.util.LifecycleBase.fireLifecycleEvent(LifecycleBase.java:90)
	at org.apache.catalina.core.StandardContext.startInternal(StandardContext.java:5179)
	at org.apache.catalina.util.LifecycleBase.start(LifecycleBase.java:150)
	at org.apache.catalina.core.ContainerBase.addChildInternal(ContainerBase.java:901)
	at org.apache.catalina.core.ContainerBase.addChild(ContainerBase.java:877)
	at org.apache.catalina.core.StandardHost.addChild(StandardHost.java:633)
	at org.apache.catalina.startup.HostConfig.deployDirectory(HostConfig.java:1114)
	at org.apache.catalina.startup.HostConfig$DeployDirectory.run(HostConfig.java:1673)
	at java.util.concurrent.Executors$RunnableAdapter.call(Unknown Source)
	at java.util.concurrent.FutureTask$Sync.innerRun(Unknown Source)
	at java.util.concurrent.FutureTask.run(Unknown Source)
	at java.util.concurrent.ThreadPoolExecutor$Worker.runTask(Unknown Source)
	at java.util.concurrent.ThreadPoolExecutor$Worker.run(Unknown Source)
	at java.lang.Thread.run(Unknown Source)
Jan 31, 2013 3:43:15 PM org.apache.catalina.startup.ContextConfig parseWebXml
SEVERE: Parse error in application web.xml file at jndi:/localhost/N07/WEB-INF/web.xml
org.xml.sax.SAXParseException: XML document structures must start and end within the same entity.
	at com.sun.org.apache.xerces.internal.util.ErrorHandlerWrapper.createSAXParseException(Unknown Source)
	at com.sun.org.apache.xerces.internal.util.ErrorHandlerWrapper.fatalError(Unknown Source)
	at com.sun.org.apache.xerces.internal.impl.XMLErrorReporter.reportError(Unknown Source)
	at com.sun.org.apache.xerces.internal.impl.XMLScanner.reportFatalError(Unknown Source)
	at com.sun.org.apache.xerces.internal.impl.XMLDocumentFragmentScannerImpl.endEntity(Unknown Source)
	at com.sun.org.apache.xerces.internal.impl.XMLDocumentScannerImpl.endEntity(Unknown Source)
	at com.sun.org.apache.xerces.internal.impl.XMLEntityManager.endEntity(Unknown Source)
	at com.sun.org.apache.xerces.internal.impl.XMLEntityScanner.load(Unknown Source)
	at com.sun.org.apache.xerces.internal.impl.XMLEntityScanner.peekChar(Unknown Source)
	at com.sun.org.apache.xerces.internal.impl.XMLDocumentFragmentScannerImpl$FragmentContentDriver.next(Unknown Source)
	at com.sun.org.apache.xerces.internal.impl.XMLDocumentScannerImpl.next(Unknown Source)
	at com.sun.org.apache.xerces.internal.impl.XMLDocumentFragmentScannerImpl.scanDocument(Unknown Source)
	at com.sun.org.apache.xerces.internal.parsers.XML11Configuration.parse(Unknown Source)
	at com.sun.org.apache.xerces.internal.parsers.XML11Configuration.parse(Unknown Source)
	at com.sun.org.apache.xerces.internal.parsers.XMLParser.parse(Unknown Source)
	at com.sun.org.apache.xerces.internal.parsers.AbstractSAXParser.parse(Unknown Source)
	at com.sun.org.apache.xerces.internal.jaxp.SAXParserImpl$JAXPSAXParser.parse(Unknown Source)
	at org.apache.tomcat.util.digester.Digester.parse(Digester.java:1537)
	at org.apache.catalina.startup.ContextConfig.parseWebXml(ContextConfig.java:1879)
	at org.apache.catalina.startup.ContextConfig.webConfig(ContextConfig.java:1259)
	at org.apache.catalina.startup.ContextConfig.configureStart(ContextConfig.java:878)
	at org.apache.catalina.startup.ContextConfig.lifecycleEvent(ContextConfig.java:369)
	at org.apache.catalina.util.LifecycleSupport.fireLifecycleEvent(LifecycleSupport.java:119)
	at org.apache.catalina.util.LifecycleBase.fireLifecycleEvent(LifecycleBase.java:90)
	at org.apache.catalina.core.StandardContext.startInternal(StandardContext.java:5179)
	at org.apache.catalina.util.LifecycleBase.start(LifecycleBase.java:150)
	at org.apache.catalina.core.ContainerBase.addChildInternal(ContainerBase.java:901)
	at org.apache.catalina.core.ContainerBase.addChild(ContainerBase.java:877)
	at org.apache.catalina.core.StandardHost.addChild(StandardHost.java:633)
	at org.apache.catalina.startup.HostConfig.deployDirectory(HostConfig.java:1114)
	at org.apache.catalina.startup.HostConfig$DeployDirectory.run(HostConfig.java:1673)
	at java.util.concurrent.Executors$RunnableAdapter.call(Unknown Source)
	at java.util.concurrent.FutureTask$Sync.innerRun(Unknown Source)
	at java.util.concurrent.FutureTask.run(Unknown Source)
	at java.util.concurrent.ThreadPoolExecutor$Worker.runTask(Unknown Source)
	at java.util.concurrent.ThreadPoolExecutor$Worker.run(Unknown Source)
	at java.lang.Thread.run(Unknown Source)
Jan 31, 2013 3:43:15 PM org.apache.catalina.startup.ContextConfig parseWebXml
SEVERE: Occurred at line 17 column 19
Jan 31, 2013 3:43:15 PM org.apache.catalina.startup.ContextConfig configureStart
SEVERE: Marking this application unavailable due to previous error(s)
Jan 31, 2013 3:43:15 PM org.apache.catalina.core.StandardContext startInternal
SEVERE: Error getConfigured
Jan 31, 2013 3:43:15 PM org.apache.catalina.core.StandardContext startInternal
SEVERE: Context [/N07] startup failed due to previous errors
Jan 31, 2013 3:43:15 PM org.apache.catalina.startup.HostConfig deployDirectory
INFO: Deploying web application directory C:\Users\Handy_man\tomcat\webapps\nathan_test
Jan 31, 2013 3:43:15 PM org.apache.catalina.startup.HostConfig deployDirectory
INFO: Deploying web application directory C:\Users\Handy_man\tomcat\webapps\ROOT
Jan 31, 2013 3:43:15 PM org.apache.catalina.startup.HostConfig deployDirectory
INFO: Deploying web application directory C:\Users\Handy_man\tomcat\webapps\stuess_test
Jan 31, 2013 3:43:15 PM org.apache.catalina.startup.HostConfig deployDirectory
INFO: Deploying web application directory C:\Users\Handy_man\tomcat\webapps\test_nathan
Jan 31, 2013 3:43:15 PM org.apache.coyote.AbstractProtocol start
INFO: Starting ProtocolHandler ["http-apr-80"]
Jan 31, 2013 3:43:15 PM org.apache.coyote.AbstractProtocol start
INFO: Starting ProtocolHandler ["ajp-apr-8009"]
Jan 31, 2013 3:43:15 PM org.apache.catalina.startup.Catalina start
INFO: Server startup in 1761 ms
