[2013-01-27 08:54:04] [info]  Commons Daemon procrun (1.0.10.0 32-bit) started
[2013-01-27 08:54:04] [info]  Service Tomcat7 name Apache Tomcat 7.0 Tomcat7
[2013-01-27 08:54:04] [info]  Service 'Tomcat7' installed
[2013-01-27 08:54:04] [info]  Commons Daemon procrun finished
[2013-01-27 08:54:04] [info]  Commons Daemon procrun (1.0.10.0 32-bit) started
[2013-01-27 08:54:04] [info]  Updating service...
[2013-01-27 08:54:04] [info]  Service 'Tomcat7' updated
[2013-01-27 08:54:04] [info]  Update service finished.
[2013-01-27 08:54:04] [info]  Commons Daemon procrun finished
[2013-01-27 08:54:05] [info]  Commons Daemon procrun (1.0.10.0 32-bit) started
[2013-01-27 08:54:06] [info]  Updating service...
[2013-01-27 08:54:06] [info]  Service 'Tomcat7' updated
[2013-01-27 08:54:06] [info]  Update service finished.
[2013-01-27 08:54:06] [info]  Commons Daemon procrun finished
[2013-01-27 08:54:06] [info]  Commons Daemon procrun (1.0.10.0 32-bit) started
[2013-01-27 08:54:06] [info]  Updating service...
[2013-01-27 08:54:06] [info]  Service 'Tomcat7' updated
[2013-01-27 08:54:06] [info]  Update service finished.
[2013-01-27 08:54:06] [info]  Commons Daemon procrun finished
[2013-01-27 08:54:06] [info]  Commons Daemon procrun (1.0.10.0 32-bit) started
[2013-01-27 08:54:06] [info]  Updating service...
[2013-01-27 08:54:06] [info]  Service 'Tomcat7' updated
[2013-01-27 08:54:06] [info]  Update service finished.
[2013-01-27 08:54:06] [info]  Commons Daemon procrun finished
[2013-01-27 08:54:10] [info]  Commons Daemon procrun (1.0.10.0 32-bit) started
[2013-01-27 08:54:10] [info]  Running 'Tomcat7' Service...
[2013-01-27 08:54:10] [info]  Starting service...
[2013-01-27 08:54:11] [info]  Service started in 1111 ms.
[2013-01-28 04:24:01] [info]  Stopping service...
[2013-01-28 04:24:02] [info]  Service stopped.
[2013-01-28 04:24:02] [info]  Run service finished.
[2013-01-28 04:24:02] [info]  Commons Daemon procrun finished
