Jan 29, 2013 6:56:28 AM org.apache.catalina.core.ApplicationContext log
INFO: Marking servlet Authentication as unavailable
Jan 29, 2013 6:56:28 AM org.apache.catalina.core.StandardWrapperValve invoke
SEVERE: Allocate exception for servlet Authentication
java.lang.ClassNotFoundException: AuthenticationServlet
	at org.apache.catalina.loader.WebappClassLoader.loadClass(WebappClassLoader.java:1714)
	at org.apache.catalina.loader.WebappClassLoader.loadClass(WebappClassLoader.java:1559)
	at org.apache.catalina.core.DefaultInstanceManager.loadClass(DefaultInstanceManager.java:527)
	at org.apache.catalina.core.DefaultInstanceManager.loadClassMaybePrivileged(DefaultInstanceManager.java:509)
	at org.apache.catalina.core.DefaultInstanceManager.newInstance(DefaultInstanceManager.java:137)
	at org.apache.catalina.core.StandardWrapper.loadServlet(StandardWrapper.java:1137)
	at org.apache.catalina.core.StandardWrapper.allocate(StandardWrapper.java:858)
	at org.apache.catalina.core.StandardWrapperValve.invoke(StandardWrapperValve.java:136)
	at org.apache.catalina.core.StandardContextValve.invoke(StandardContextValve.java:123)
	at org.apache.catalina.authenticator.AuthenticatorBase.invoke(AuthenticatorBase.java:472)
	at org.apache.catalina.core.StandardHostValve.invoke(StandardHostValve.java:171)
	at org.apache.catalina.valves.ErrorReportValve.invoke(ErrorReportValve.java:99)
	at org.apache.catalina.valves.AccessLogValve.invoke(AccessLogValve.java:936)
	at org.apache.catalina.core.StandardEngineValve.invoke(StandardEngineValve.java:118)
	at org.apache.catalina.connector.CoyoteAdapter.service(CoyoteAdapter.java:407)
	at org.apache.coyote.http11.AbstractHttp11Processor.process(AbstractHttp11Processor.java:1004)
	at org.apache.coyote.AbstractProtocol$AbstractConnectionHandler.process(AbstractProtocol.java:589)
	at org.apache.tomcat.util.net.AprEndpoint$SocketProcessor.run(AprEndpoint.java:1822)
	at java.util.concurrent.ThreadPoolExecutor$Worker.runTask(Unknown Source)
	at java.util.concurrent.ThreadPoolExecutor$Worker.run(Unknown Source)
	at java.lang.Thread.run(Unknown Source)
Jan 29, 2013 9:45:29 AM org.apache.catalina.core.ApplicationContext log
INFO: Marking servlet Authentication as unavailable
Jan 29, 2013 9:45:29 AM org.apache.catalina.core.StandardWrapperValve invoke
SEVERE: Allocate exception for servlet Authentication
java.lang.ClassNotFoundException: AuthenticationServlet
	at org.apache.catalina.loader.WebappClassLoader.loadClass(WebappClassLoader.java:1714)
	at org.apache.catalina.loader.WebappClassLoader.loadClass(WebappClassLoader.java:1559)
	at org.apache.catalina.core.DefaultInstanceManager.loadClass(DefaultInstanceManager.java:527)
	at org.apache.catalina.core.DefaultInstanceManager.loadClassMaybePrivileged(DefaultInstanceManager.java:509)
	at org.apache.catalina.core.DefaultInstanceManager.newInstance(DefaultInstanceManager.java:137)
	at org.apache.catalina.core.StandardWrapper.loadServlet(StandardWrapper.java:1137)
	at org.apache.catalina.core.StandardWrapper.allocate(StandardWrapper.java:858)
	at org.apache.catalina.core.StandardWrapperValve.invoke(StandardWrapperValve.java:136)
	at org.apache.catalina.core.StandardContextValve.invoke(StandardContextValve.java:123)
	at org.apache.catalina.authenticator.AuthenticatorBase.invoke(AuthenticatorBase.java:472)
	at org.apache.catalina.core.StandardHostValve.invoke(StandardHostValve.java:171)
	at org.apache.catalina.valves.ErrorReportValve.invoke(ErrorReportValve.java:99)
	at org.apache.catalina.valves.AccessLogValve.invoke(AccessLogValve.java:936)
	at org.apache.catalina.core.StandardEngineValve.invoke(StandardEngineValve.java:118)
	at org.apache.catalina.connector.CoyoteAdapter.service(CoyoteAdapter.java:407)
	at org.apache.coyote.http11.AbstractHttp11Processor.process(AbstractHttp11Processor.java:1004)
	at org.apache.coyote.AbstractProtocol$AbstractConnectionHandler.process(AbstractProtocol.java:589)
	at org.apache.tomcat.util.net.AprEndpoint$SocketProcessor.run(AprEndpoint.java:1822)
	at java.util.concurrent.ThreadPoolExecutor$Worker.runTask(Unknown Source)
	at java.util.concurrent.ThreadPoolExecutor$Worker.run(Unknown Source)
	at java.lang.Thread.run(Unknown Source)
Jan 29, 2013 11:22:23 AM org.apache.catalina.core.ApplicationContext log
INFO: SessionListener: sessionCreated('9E92B35E223A6A7962E33909A32C2686')
Jan 29, 2013 11:49:22 AM org.apache.catalina.core.ApplicationContext log
INFO: SessionListener: contextDestroyed()
Jan 29, 2013 11:49:22 AM org.apache.catalina.core.ApplicationContext log
INFO: ContextListener: contextDestroyed()
Jan 29, 2013 11:49:33 AM org.apache.catalina.core.ApplicationContext log
INFO: ContextListener: contextInitialized()
Jan 29, 2013 11:49:33 AM org.apache.catalina.core.ApplicationContext log
INFO: SessionListener: contextInitialized()
Jan 29, 2013 11:49:33 AM org.apache.catalina.core.ApplicationContext log
INFO: ContextListener: attributeAdded('org.apache.jasper.compiler.TldLocationsCache', 'org.apache.jasper.compiler.TldLocationsCache@5976c2')
Jan 29, 2013 11:53:33 AM org.apache.catalina.core.ApplicationContext log
INFO: SessionListener: sessionDestroyed('9E92B35E223A6A7962E33909A32C2686')
