
2013-01-30 06:27:07 Commons Daemon procrun stderr initialized
Jan 30, 2013 6:27:08 AM org.apache.catalina.core.AprLifecycleListener init
INFO: Loaded APR based Apache Tomcat Native library 1.1.24 using APR version 1.4.6.
Jan 30, 2013 6:27:08 AM org.apache.catalina.core.AprLifecycleListener init
INFO: APR capabilities: IPv6 [true], sendfile [true], accept filters [false], random [true].
Jan 30, 2013 6:27:09 AM org.apache.catalina.core.AprLifecycleListener initializeSSL
INFO: OpenSSL successfully initialized (OpenSSL 1.0.1c 10 May 2012)
Jan 30, 2013 6:27:09 AM org.apache.coyote.AbstractProtocol init
INFO: Initializing ProtocolHandler ["http-apr-80"]
Jan 30, 2013 6:27:09 AM org.apache.coyote.AbstractProtocol init
INFO: Initializing ProtocolHandler ["ajp-apr-8009"]
Jan 30, 2013 6:27:09 AM org.apache.catalina.startup.Catalina load
INFO: Initialization processed in 1263 ms
Jan 30, 2013 6:27:09 AM org.apache.catalina.core.StandardService startInternal
INFO: Starting service Catalina
Jan 30, 2013 6:27:09 AM org.apache.catalina.core.StandardEngine startInternal
INFO: Starting Servlet Engine: Apache Tomcat/7.0.35
Jan 30, 2013 6:27:09 AM org.apache.catalina.startup.HostConfig deployDirectory
INFO: Deploying web application directory C:\Users\Handy_man\tomcat\webapps\docs
Jan 30, 2013 6:27:09 AM org.apache.catalina.startup.HostConfig deployDirectory
INFO: Deploying web application directory C:\Users\Handy_man\tomcat\webapps\examples
Jan 30, 2013 6:27:10 AM org.apache.catalina.startup.HostConfig deployDirectory
INFO: Deploying web application directory C:\Users\Handy_man\tomcat\webapps\host-manager
Jan 30, 2013 6:27:10 AM org.apache.catalina.startup.HostConfig deployDirectory
INFO: Deploying web application directory C:\Users\Handy_man\tomcat\webapps\manager
Jan 30, 2013 6:27:10 AM org.apache.catalina.startup.HostConfig deployDirectory
INFO: Deploying web application directory C:\Users\Handy_man\tomcat\webapps\monstermash
Jan 30, 2013 6:27:10 AM org.apache.catalina.startup.HostConfig deployDirectory
INFO: Deploying web application directory C:\Users\Handy_man\tomcat\webapps\MonsterMashGameGlassfish
Jan 30, 2013 6:27:10 AM org.apache.catalina.startup.HostConfig deployDirectory
INFO: Deploying web application directory C:\Users\Handy_man\tomcat\webapps\N07
Jan 30, 2013 6:27:10 AM org.apache.tomcat.util.digester.Digester fatalError
SEVERE: Parse Fatal Error at line 17 column 19: XML document structures must start and end within the same entity.
org.xml.sax.SAXParseException: XML document structures must start and end within the same entity.
	at com.sun.org.apache.xerces.internal.util.ErrorHandlerWrapper.createSAXParseException(Unknown Source)
	at com.sun.org.apache.xerces.internal.util.ErrorHandlerWrapper.fatalError(Unknown Source)
	at com.sun.org.apache.xerces.internal.impl.XMLErrorReporter.reportError(Unknown Source)
	at com.sun.org.apache.xerces.internal.impl.XMLScanner.reportFatalError(Unknown Source)
	at com.sun.org.apache.xerces.internal.impl.XMLDocumentFragmentScannerImpl.endEntity(Unknown Source)
	at com.sun.org.apache.xerces.internal.impl.XMLDocumentScannerImpl.endEntity(Unknown Source)
	at com.sun.org.apache.xerces.internal.impl.XMLEntityManager.endEntity(Unknown Source)
	at com.sun.org.apache.xerces.internal.impl.XMLEntityScanner.load(Unknown Source)
	at com.sun.org.apache.xerces.internal.impl.XMLEntityScanner.peekChar(Unknown Source)
	at com.sun.org.apache.xerces.internal.impl.XMLDocumentFragmentScannerImpl$FragmentContentDriver.next(Unknown Source)
	at com.sun.org.apache.xerces.internal.impl.XMLDocumentScannerImpl.next(Unknown Source)
	at com.sun.org.apache.xerces.internal.impl.XMLDocumentFragmentScannerImpl.scanDocument(Unknown Source)
	at com.sun.org.apache.xerces.internal.parsers.XML11Configuration.parse(Unknown Source)
	at com.sun.org.apache.xerces.internal.parsers.XML11Configuration.parse(Unknown Source)
	at com.sun.org.apache.xerces.internal.parsers.XMLParser.parse(Unknown Source)
	at com.sun.org.apache.xerces.internal.parsers.AbstractSAXParser.parse(Unknown Source)
	at com.sun.org.apache.xerces.internal.jaxp.SAXParserImpl$JAXPSAXParser.parse(Unknown Source)
	at org.apache.tomcat.util.digester.Digester.parse(Digester.java:1537)
	at org.apache.catalina.startup.ContextConfig.parseWebXml(ContextConfig.java:1879)
	at org.apache.catalina.startup.ContextConfig.webConfig(ContextConfig.java:1259)
	at org.apache.catalina.startup.ContextConfig.configureStart(ContextConfig.java:878)
	at org.apache.catalina.startup.ContextConfig.lifecycleEvent(ContextConfig.java:369)
	at org.apache.catalina.util.LifecycleSupport.fireLifecycleEvent(LifecycleSupport.java:119)
	at org.apache.catalina.util.LifecycleBase.fireLifecycleEvent(LifecycleBase.java:90)
	at org.apache.catalina.core.StandardContext.startInternal(StandardContext.java:5179)
	at org.apache.catalina.util.LifecycleBase.start(LifecycleBase.java:150)
	at org.apache.catalina.core.ContainerBase.addChildInternal(ContainerBase.java:901)
	at org.apache.catalina.core.ContainerBase.addChild(ContainerBase.java:877)
	at org.apache.catalina.core.StandardHost.addChild(StandardHost.java:633)
	at org.apache.catalina.startup.HostConfig.deployDirectory(HostConfig.java:1114)
	at org.apache.catalina.startup.HostConfig$DeployDirectory.run(HostConfig.java:1673)
	at java.util.concurrent.Executors$RunnableAdapter.call(Unknown Source)
	at java.util.concurrent.FutureTask$Sync.innerRun(Unknown Source)
	at java.util.concurrent.FutureTask.run(Unknown Source)
	at java.util.concurrent.ThreadPoolExecutor$Worker.runTask(Unknown Source)
	at java.util.concurrent.ThreadPoolExecutor$Worker.run(Unknown Source)
	at java.lang.Thread.run(Unknown Source)
Jan 30, 2013 6:27:10 AM org.apache.catalina.startup.ContextConfig parseWebXml
SEVERE: Parse error in application web.xml file at jndi:/localhost/N07/WEB-INF/web.xml
org.xml.sax.SAXParseException: XML document structures must start and end within the same entity.
	at com.sun.org.apache.xerces.internal.util.ErrorHandlerWrapper.createSAXParseException(Unknown Source)
	at com.sun.org.apache.xerces.internal.util.ErrorHandlerWrapper.fatalError(Unknown Source)
	at com.sun.org.apache.xerces.internal.impl.XMLErrorReporter.reportError(Unknown Source)
	at com.sun.org.apache.xerces.internal.impl.XMLScanner.reportFatalError(Unknown Source)
	at com.sun.org.apache.xerces.internal.impl.XMLDocumentFragmentScannerImpl.endEntity(Unknown Source)
	at com.sun.org.apache.xerces.internal.impl.XMLDocumentScannerImpl.endEntity(Unknown Source)
	at com.sun.org.apache.xerces.internal.impl.XMLEntityManager.endEntity(Unknown Source)
	at com.sun.org.apache.xerces.internal.impl.XMLEntityScanner.load(Unknown Source)
	at com.sun.org.apache.xerces.internal.impl.XMLEntityScanner.peekChar(Unknown Source)
	at com.sun.org.apache.xerces.internal.impl.XMLDocumentFragmentScannerImpl$FragmentContentDriver.next(Unknown Source)
	at com.sun.org.apache.xerces.internal.impl.XMLDocumentScannerImpl.next(Unknown Source)
	at com.sun.org.apache.xerces.internal.impl.XMLDocumentFragmentScannerImpl.scanDocument(Unknown Source)
	at com.sun.org.apache.xerces.internal.parsers.XML11Configuration.parse(Unknown Source)
	at com.sun.org.apache.xerces.internal.parsers.XML11Configuration.parse(Unknown Source)
	at com.sun.org.apache.xerces.internal.parsers.XMLParser.parse(Unknown Source)
	at com.sun.org.apache.xerces.internal.parsers.AbstractSAXParser.parse(Unknown Source)
	at com.sun.org.apache.xerces.internal.jaxp.SAXParserImpl$JAXPSAXParser.parse(Unknown Source)
	at org.apache.tomcat.util.digester.Digester.parse(Digester.java:1537)
	at org.apache.catalina.startup.ContextConfig.parseWebXml(ContextConfig.java:1879)
	at org.apache.catalina.startup.ContextConfig.webConfig(ContextConfig.java:1259)
	at org.apache.catalina.startup.ContextConfig.configureStart(ContextConfig.java:878)
	at org.apache.catalina.startup.ContextConfig.lifecycleEvent(ContextConfig.java:369)
	at org.apache.catalina.util.LifecycleSupport.fireLifecycleEvent(LifecycleSupport.java:119)
	at org.apache.catalina.util.LifecycleBase.fireLifecycleEvent(LifecycleBase.java:90)
	at org.apache.catalina.core.StandardContext.startInternal(StandardContext.java:5179)
	at org.apache.catalina.util.LifecycleBase.start(LifecycleBase.java:150)
	at org.apache.catalina.core.ContainerBase.addChildInternal(ContainerBase.java:901)
	at org.apache.catalina.core.ContainerBase.addChild(ContainerBase.java:877)
	at org.apache.catalina.core.StandardHost.addChild(StandardHost.java:633)
	at org.apache.catalina.startup.HostConfig.deployDirectory(HostConfig.java:1114)
	at org.apache.catalina.startup.HostConfig$DeployDirectory.run(HostConfig.java:1673)
	at java.util.concurrent.Executors$RunnableAdapter.call(Unknown Source)
	at java.util.concurrent.FutureTask$Sync.innerRun(Unknown Source)
	at java.util.concurrent.FutureTask.run(Unknown Source)
	at java.util.concurrent.ThreadPoolExecutor$Worker.runTask(Unknown Source)
	at java.util.concurrent.ThreadPoolExecutor$Worker.run(Unknown Source)
	at java.lang.Thread.run(Unknown Source)
Jan 30, 2013 6:27:10 AM org.apache.catalina.startup.ContextConfig parseWebXml
SEVERE: Occurred at line 17 column 19
Jan 30, 2013 6:27:10 AM org.apache.catalina.startup.ContextConfig configureStart
SEVERE: Marking this application unavailable due to previous error(s)
Jan 30, 2013 6:27:10 AM org.apache.catalina.core.StandardContext startInternal
SEVERE: Error getConfigured
Jan 30, 2013 6:27:10 AM org.apache.catalina.core.StandardContext startInternal
SEVERE: Context [/N07] startup failed due to previous errors
Jan 30, 2013 6:27:10 AM org.apache.catalina.startup.HostConfig deployDirectory
INFO: Deploying web application directory C:\Users\Handy_man\tomcat\webapps\nathan_test
Jan 30, 2013 6:27:10 AM org.apache.catalina.startup.HostConfig deployDirectory
INFO: Deploying web application directory C:\Users\Handy_man\tomcat\webapps\ROOT
Jan 30, 2013 6:27:10 AM org.apache.catalina.startup.HostConfig deployDirectory
INFO: Deploying web application directory C:\Users\Handy_man\tomcat\webapps\stuess_test
Jan 30, 2013 6:27:10 AM org.apache.coyote.AbstractProtocol start
INFO: Starting ProtocolHandler ["http-apr-80"]
Jan 30, 2013 6:27:10 AM org.apache.coyote.AbstractProtocol start
INFO: Starting ProtocolHandler ["ajp-apr-8009"]
Jan 30, 2013 6:27:10 AM org.apache.catalina.startup.Catalina start
INFO: Server startup in 1246 ms
Jan 30, 2013 6:29:30 AM org.apache.catalina.startup.HostConfig checkResources
INFO: Reloading context [/nathan_test]
Jan 30, 2013 6:29:30 AM org.apache.catalina.core.StandardContext reload
INFO: Reloading Context with name [/nathan_test] has started
Jan 30, 2013 6:29:30 AM org.apache.catalina.core.StandardWrapper unload
INFO: Waiting for 1 instance(s) to be deallocated
Jan 30, 2013 6:29:31 AM org.apache.catalina.loader.WebappClassLoader clearReferencesThreads
SEVERE: The web application [/nathan_test] appears to have started a thread named [Abandoned connection cleanup thread] but has failed to stop it. This is very likely to create a memory leak.
Jan 30, 2013 6:29:31 AM org.apache.catalina.core.StandardContext reload
INFO: Reloading Context with name [/nathan_test] is completed
Jan 30, 2013 6:30:31 AM org.apache.catalina.startup.HostConfig checkResources
INFO: Reloading context [/nathan_test]
Jan 30, 2013 6:30:31 AM org.apache.catalina.core.StandardContext reload
INFO: Reloading Context with name [/nathan_test] has started
Jan 30, 2013 6:30:31 AM org.apache.catalina.core.StandardContext reload
INFO: Reloading Context with name [/nathan_test] is completed
Jan 30, 2013 6:32:11 AM org.apache.catalina.startup.HostConfig checkResources
INFO: Reloading context [/nathan_test]
Jan 30, 2013 6:32:11 AM org.apache.catalina.core.StandardContext reload
INFO: Reloading Context with name [/nathan_test] has started
Jan 30, 2013 6:32:12 AM org.apache.catalina.core.StandardContext reload
INFO: Reloading Context with name [/nathan_test] is completed
Jan 30, 2013 6:32:22 AM org.apache.catalina.startup.HostConfig checkResources
INFO: Reloading context [/nathan_test]
Jan 30, 2013 6:32:22 AM org.apache.catalina.core.StandardContext reload
INFO: Reloading Context with name [/nathan_test] has started
Jan 30, 2013 6:32:22 AM org.apache.catalina.core.StandardContext reload
INFO: Reloading Context with name [/nathan_test] is completed
Jan 30, 2013 6:33:22 AM org.apache.catalina.startup.HostConfig checkResources
INFO: Reloading context [/nathan_test]
Jan 30, 2013 6:33:22 AM org.apache.catalina.core.StandardContext reload
INFO: Reloading Context with name [/nathan_test] has started
Jan 30, 2013 6:33:23 AM org.apache.catalina.core.StandardContext reload
INFO: Reloading Context with name [/nathan_test] is completed
Jan 30, 2013 6:34:43 AM org.apache.catalina.startup.HostConfig checkResources
INFO: Reloading context [/nathan_test]
Jan 30, 2013 6:34:43 AM org.apache.catalina.core.StandardContext reload
INFO: Reloading Context with name [/nathan_test] has started
Jan 30, 2013 6:34:43 AM org.apache.catalina.core.StandardContext reload
INFO: Reloading Context with name [/nathan_test] is completed
Jan 30, 2013 6:36:13 AM org.apache.catalina.startup.HostConfig checkResources
INFO: Reloading context [/nathan_test]
Jan 30, 2013 6:36:13 AM org.apache.catalina.core.StandardContext reload
INFO: Reloading Context with name [/nathan_test] has started
Jan 30, 2013 6:36:14 AM org.apache.catalina.core.StandardContext reload
INFO: Reloading Context with name [/nathan_test] is completed
Jan 30, 2013 6:38:54 AM org.apache.catalina.startup.HostConfig checkResources
INFO: Reloading context [/nathan_test]
Jan 30, 2013 6:38:54 AM org.apache.catalina.core.StandardContext reload
INFO: Reloading Context with name [/nathan_test] has started
Jan 30, 2013 6:38:54 AM org.apache.catalina.core.StandardContext reload
INFO: Reloading Context with name [/nathan_test] is completed
Jan 30, 2013 6:39:54 AM org.apache.catalina.startup.HostConfig checkResources
INFO: Reloading context [/nathan_test]
Jan 30, 2013 6:39:54 AM org.apache.catalina.core.StandardContext reload
INFO: Reloading Context with name [/nathan_test] has started
Jan 30, 2013 6:39:55 AM org.apache.catalina.core.StandardContext reload
INFO: Reloading Context with name [/nathan_test] is completed
Jan 30, 2013 6:40:35 AM org.apache.catalina.startup.HostConfig checkResources
INFO: Reloading context [/nathan_test]
Jan 30, 2013 6:40:35 AM org.apache.catalina.core.StandardContext reload
INFO: Reloading Context with name [/nathan_test] has started
Jan 30, 2013 6:40:35 AM org.apache.catalina.core.StandardContext reload
INFO: Reloading Context with name [/nathan_test] is completed
Jan 30, 2013 6:41:45 AM org.apache.catalina.startup.HostConfig checkResources
INFO: Reloading context [/nathan_test]
Jan 30, 2013 6:41:45 AM org.apache.catalina.core.StandardContext reload
INFO: Reloading Context with name [/nathan_test] has started
Jan 30, 2013 6:41:46 AM org.apache.catalina.core.StandardContext reload
INFO: Reloading Context with name [/nathan_test] is completed
Jan 30, 2013 6:55:56 AM org.apache.catalina.startup.HostConfig checkResources
INFO: Reloading context [/nathan_test]
Jan 30, 2013 6:55:56 AM org.apache.catalina.core.StandardContext reload
INFO: Reloading Context with name [/nathan_test] has started
Jan 30, 2013 6:55:56 AM org.apache.catalina.core.StandardContext reload
INFO: Reloading Context with name [/nathan_test] is completed
Jan 30, 2013 6:57:16 AM org.apache.catalina.startup.HostConfig checkResources
INFO: Reloading context [/nathan_test]
Jan 30, 2013 6:57:16 AM org.apache.catalina.core.StandardContext reload
INFO: Reloading Context with name [/nathan_test] has started
Jan 30, 2013 6:57:17 AM org.apache.catalina.core.StandardContext reload
INFO: Reloading Context with name [/nathan_test] is completed
Jan 30, 2013 6:59:07 AM org.apache.catalina.startup.HostConfig checkResources
INFO: Reloading context [/nathan_test]
Jan 30, 2013 6:59:07 AM org.apache.catalina.core.StandardContext reload
INFO: Reloading Context with name [/nathan_test] has started
Jan 30, 2013 6:59:07 AM org.apache.catalina.core.StandardContext reload
INFO: Reloading Context with name [/nathan_test] is completed
Jan 30, 2013 7:33:48 AM org.apache.catalina.startup.HostConfig deployDirectory
INFO: Deploying web application directory C:\Users\Handy_man\tomcat\webapps\monstermashnew
Jan 30, 2013 7:37:59 AM org.apache.catalina.core.StandardContext reload
INFO: Reloading Context with name [/monstermashnew] has started
Jan 30, 2013 7:37:59 AM org.apache.catalina.core.StandardContext reload
INFO: Reloading Context with name [/monstermashnew] is completed
Jan 30, 2013 7:39:02 AM org.apache.jasper.compiler.TldLocationsCache tldScanJar
INFO: At least one JAR was scanned for TLDs yet contained no TLDs. Enable debug logging for this logger for a complete list of JARs that were scanned but no TLDs were found in them. Skipping unneeded JARs during scanning can improve startup time and JSP compilation time.
Jan 30, 2013 10:25:39 AM org.apache.catalina.startup.HostConfig deployDirectory
INFO: Deploying web application directory C:\Users\Handy_man\tomcat\webapps\test_nathan
Jan 30, 2013 10:30:15 AM org.apache.catalina.core.StandardContext reload
INFO: Reloading Context with name [/test_nathan] has started
Jan 30, 2013 10:30:15 AM org.apache.catalina.core.StandardContext reload
INFO: Reloading Context with name [/test_nathan] is completed
Jan 30, 2013 10:53:44 AM org.apache.catalina.core.StandardContext reload
INFO: Reloading Context with name [/test_nathan] has started
Jan 30, 2013 10:53:44 AM org.apache.catalina.core.StandardContext reload
INFO: Reloading Context with name [/test_nathan] is completed
Jan 30, 2013 11:07:58 AM org.apache.catalina.core.StandardContext reload
INFO: Reloading Context with name [/test_nathan] has started
Jan 30, 2013 11:07:58 AM org.apache.catalina.core.StandardContext reload
INFO: Reloading Context with name [/test_nathan] is completed
Jan 30, 2013 11:15:16 AM org.apache.catalina.core.StandardContext reload
INFO: Reloading Context with name [/test_nathan] has started
Jan 30, 2013 11:15:16 AM org.apache.catalina.core.StandardContext reload
INFO: Reloading Context with name [/test_nathan] is completed
Jan 30, 2013 11:21:24 AM org.apache.catalina.core.StandardContext reload
INFO: Reloading Context with name [/test_nathan] has started
Jan 30, 2013 11:21:24 AM org.apache.catalina.core.StandardContext reload
INFO: Reloading Context with name [/test_nathan] is completed
Jan 30, 2013 11:22:39 AM org.apache.catalina.realm.LockOutRealm authenticate
WARNING: An attempt was made to authenticate the locked user "tomcat"
Jan 30, 2013 11:27:39 AM org.apache.catalina.core.StandardContext reload
INFO: Reloading Context with name [/test_nathan] has started
Jan 30, 2013 11:27:40 AM org.apache.catalina.core.StandardContext reload
INFO: Reloading Context with name [/test_nathan] is completed
Jan 30, 2013 11:33:37 AM org.apache.catalina.core.StandardContext reload
INFO: Reloading Context with name [/test_nathan] has started
Jan 30, 2013 11:33:37 AM org.apache.catalina.core.StandardContext reload
INFO: Reloading Context with name [/test_nathan] is completed
Jan 30, 2013 11:36:44 AM org.apache.catalina.core.StandardContext reload
INFO: Reloading Context with name [/test_nathan] has started
Jan 30, 2013 11:36:45 AM org.apache.catalina.core.StandardContext reload
INFO: Reloading Context with name [/test_nathan] is completed
Jan 30, 2013 11:38:56 AM org.apache.catalina.core.StandardContext reload
INFO: Reloading Context with name [/test_nathan] has started
Jan 30, 2013 11:38:56 AM org.apache.catalina.core.StandardContext reload
INFO: Reloading Context with name [/test_nathan] is completed
Jan 30, 2013 11:40:25 AM org.apache.catalina.core.StandardContext reload
INFO: Reloading Context with name [/test_nathan] has started
Jan 30, 2013 11:40:26 AM org.apache.catalina.core.StandardContext reload
INFO: Reloading Context with name [/test_nathan] is completed
Jan 30, 2013 11:45:32 AM org.apache.catalina.core.StandardContext reload
INFO: Reloading Context with name [/test_nathan] has started
Jan 30, 2013 11:45:32 AM org.apache.catalina.core.StandardContext reload
INFO: Reloading Context with name [/test_nathan] is completed
Jan 30, 2013 11:50:10 AM org.apache.catalina.core.StandardContext reload
INFO: Reloading Context with name [/test_nathan] has started
Jan 30, 2013 11:50:11 AM org.apache.catalina.core.StandardContext reload
INFO: Reloading Context with name [/test_nathan] is completed
Jan 30, 2013 11:51:56 AM org.apache.catalina.core.StandardContext reload
INFO: Reloading Context with name [/test_nathan] has started
Jan 30, 2013 11:51:57 AM org.apache.catalina.core.StandardContext reload
INFO: Reloading Context with name [/test_nathan] is completed
Jan 30, 2013 11:52:59 AM org.apache.catalina.core.StandardContext reload
INFO: Reloading Context with name [/test_nathan] has started
Jan 30, 2013 11:52:59 AM org.apache.catalina.core.StandardContext reload
INFO: Reloading Context with name [/test_nathan] is completed
Jan 30, 2013 11:56:48 AM org.apache.catalina.core.StandardContext reload
INFO: Reloading Context with name [/test_nathan] has started
Jan 30, 2013 11:56:48 AM org.apache.catalina.core.StandardContext reload
INFO: Reloading Context with name [/test_nathan] is completed
Jan 30, 2013 11:58:14 AM org.apache.catalina.core.StandardContext reload
INFO: Reloading Context with name [/test_nathan] has started
Jan 30, 2013 11:58:15 AM org.apache.catalina.core.StandardContext reload
INFO: Reloading Context with name [/test_nathan] is completed
Jan 30, 2013 12:00:23 PM org.apache.catalina.core.StandardContext reload
INFO: Reloading Context with name [/test_nathan] has started
Jan 30, 2013 12:00:23 PM org.apache.catalina.core.StandardContext reload
INFO: Reloading Context with name [/test_nathan] is completed
Jan 30, 2013 12:04:18 PM org.apache.catalina.core.StandardContext reload
INFO: Reloading Context with name [/test_nathan] has started
Jan 30, 2013 12:04:18 PM org.apache.catalina.core.StandardContext reload
INFO: Reloading Context with name [/test_nathan] is completed
Jan 30, 2013 12:06:28 PM org.apache.catalina.core.StandardContext reload
INFO: Reloading Context with name [/test_nathan] has started
Jan 30, 2013 12:06:28 PM org.apache.catalina.core.StandardContext reload
INFO: Reloading Context with name [/test_nathan] is completed
Jan 30, 2013 12:07:12 PM org.apache.catalina.core.StandardContext reload
INFO: Reloading Context with name [/test_nathan] has started
Jan 30, 2013 12:07:13 PM org.apache.catalina.core.StandardContext reload
INFO: Reloading Context with name [/test_nathan] is completed
Jan 30, 2013 12:08:51 PM org.apache.catalina.core.StandardContext reload
INFO: Reloading Context with name [/test_nathan] has started
Jan 30, 2013 12:08:52 PM org.apache.catalina.core.StandardContext reload
INFO: Reloading Context with name [/test_nathan] is completed
Jan 30, 2013 12:12:45 PM org.apache.catalina.core.StandardContext reload
INFO: Reloading Context with name [/test_nathan] has started
Jan 30, 2013 12:12:46 PM org.apache.catalina.core.StandardContext reload
INFO: Reloading Context with name [/test_nathan] is completed
Jan 30, 2013 12:17:29 PM org.apache.catalina.core.StandardContext reload
INFO: Reloading Context with name [/test_nathan] has started
Jan 30, 2013 12:17:29 PM org.apache.catalina.core.StandardContext reload
INFO: Reloading Context with name [/test_nathan] is completed
Jan 30, 2013 12:18:53 PM org.apache.catalina.core.StandardContext reload
INFO: Reloading Context with name [/test_nathan] has started
Jan 30, 2013 12:18:53 PM org.apache.catalina.core.StandardContext reload
INFO: Reloading Context with name [/test_nathan] is completed
Jan 30, 2013 12:20:01 PM org.apache.catalina.core.StandardContext reload
INFO: Reloading Context with name [/test_nathan] has started
Jan 30, 2013 12:20:02 PM org.apache.catalina.core.StandardContext reload
INFO: Reloading Context with name [/test_nathan] is completed
Jan 30, 2013 12:22:28 PM org.apache.catalina.core.StandardContext reload
INFO: Reloading Context with name [/test_nathan] has started
Jan 30, 2013 12:22:28 PM org.apache.catalina.core.StandardContext reload
INFO: Reloading Context with name [/test_nathan] is completed
Jan 30, 2013 12:24:03 PM org.apache.catalina.core.StandardContext reload
INFO: Reloading Context with name [/test_nathan] has started
Jan 30, 2013 12:24:03 PM org.apache.catalina.core.StandardContext reload
INFO: Reloading Context with name [/test_nathan] is completed
Jan 30, 2013 12:28:26 PM org.apache.catalina.core.StandardContext reload
INFO: Reloading Context with name [/test_nathan] has started
Jan 30, 2013 12:28:27 PM org.apache.catalina.core.StandardContext reload
INFO: Reloading Context with name [/test_nathan] is completed
Jan 30, 2013 6:40:24 PM org.apache.catalina.startup.HostConfig deployDirectory
INFO: Deploying web application directory C:\Users\Handy_man\tomcat\webapps\mgame
Jan 30, 2013 7:15:04 PM org.apache.catalina.startup.HostConfig deployWAR
INFO: Deploying web application archive C:\Users\Handy_man\tomcat\webapps\MonsterMashGame.war
Jan 31, 2013 7:13:45 AM org.apache.catalina.startup.HostConfig deployDirectory
INFO: Deploying web application directory C:\Users\Handy_man\tomcat\webapps\miles_test
Jan 31, 2013 7:19:25 AM org.apache.catalina.startup.HostConfig checkResources
INFO: Reloading context [/stuess_test]
Jan 31, 2013 7:19:25 AM org.apache.catalina.core.StandardContext reload
INFO: Reloading Context with name [/stuess_test] has started
Jan 31, 2013 7:19:25 AM org.apache.tomcat.util.digester.Digester fatalError
SEVERE: Parse Fatal Error at line 22 column 60: The element type "servle-class" must be terminated by the matching end-tag "</servle-class>".
org.xml.sax.SAXParseException: The element type "servle-class" must be terminated by the matching end-tag "</servle-class>".
	at com.sun.org.apache.xerces.internal.util.ErrorHandlerWrapper.createSAXParseException(Unknown Source)
	at com.sun.org.apache.xerces.internal.util.ErrorHandlerWrapper.fatalError(Unknown Source)
	at com.sun.org.apache.xerces.internal.impl.XMLErrorReporter.reportError(Unknown Source)
	at com.sun.org.apache.xerces.internal.impl.XMLScanner.reportFatalError(Unknown Source)
	at com.sun.org.apache.xerces.internal.impl.XMLDocumentFragmentScannerImpl.scanEndElement(Unknown Source)
	at com.sun.org.apache.xerces.internal.impl.XMLDocumentFragmentScannerImpl$FragmentContentDriver.next(Unknown Source)
	at com.sun.org.apache.xerces.internal.impl.XMLDocumentScannerImpl.next(Unknown Source)
	at com.sun.org.apache.xerces.internal.impl.XMLDocumentFragmentScannerImpl.scanDocument(Unknown Source)
	at com.sun.org.apache.xerces.internal.parsers.XML11Configuration.parse(Unknown Source)
	at com.sun.org.apache.xerces.internal.parsers.XML11Configuration.parse(Unknown Source)
	at com.sun.org.apache.xerces.internal.parsers.XMLParser.parse(Unknown Source)
	at com.sun.org.apache.xerces.internal.parsers.AbstractSAXParser.parse(Unknown Source)
	at com.sun.org.apache.xerces.internal.jaxp.SAXParserImpl$JAXPSAXParser.parse(Unknown Source)
	at org.apache.tomcat.util.digester.Digester.parse(Digester.java:1537)
	at org.apache.catalina.startup.ContextConfig.parseWebXml(ContextConfig.java:1879)
	at org.apache.catalina.startup.ContextConfig.webConfig(ContextConfig.java:1259)
	at org.apache.catalina.startup.ContextConfig.configureStart(ContextConfig.java:878)
	at org.apache.catalina.startup.ContextConfig.lifecycleEvent(ContextConfig.java:369)
	at org.apache.catalina.util.LifecycleSupport.fireLifecycleEvent(LifecycleSupport.java:119)
	at org.apache.catalina.util.LifecycleBase.fireLifecycleEvent(LifecycleBase.java:90)
	at org.apache.catalina.core.StandardContext.startInternal(StandardContext.java:5179)
	at org.apache.catalina.util.LifecycleBase.start(LifecycleBase.java:150)
	at org.apache.catalina.core.StandardContext.reload(StandardContext.java:3926)
	at org.apache.catalina.startup.HostConfig.checkResources(HostConfig.java:1271)
	at org.apache.catalina.startup.HostConfig.check(HostConfig.java:1440)
	at org.apache.catalina.startup.HostConfig.lifecycleEvent(HostConfig.java:301)
	at org.apache.catalina.util.LifecycleSupport.fireLifecycleEvent(LifecycleSupport.java:119)
	at org.apache.catalina.util.LifecycleBase.fireLifecycleEvent(LifecycleBase.java:90)
	at org.apache.catalina.core.ContainerBase.backgroundProcess(ContainerBase.java:1374)
	at org.apache.catalina.core.ContainerBase$ContainerBackgroundProcessor.processChildren(ContainerBase.java:1530)
	at org.apache.catalina.core.ContainerBase$ContainerBackgroundProcessor.processChildren(ContainerBase.java:1540)
	at org.apache.catalina.core.ContainerBase$ContainerBackgroundProcessor.run(ContainerBase.java:1519)
	at java.lang.Thread.run(Unknown Source)
Jan 31, 2013 7:19:25 AM org.apache.catalina.startup.ContextConfig parseWebXml
SEVERE: Parse error in application web.xml file at jndi:/localhost/stuess_test/WEB-INF/web.xml
org.xml.sax.SAXParseException: The element type "servle-class" must be terminated by the matching end-tag "</servle-class>".
	at com.sun.org.apache.xerces.internal.util.ErrorHandlerWrapper.createSAXParseException(Unknown Source)
	at com.sun.org.apache.xerces.internal.util.ErrorHandlerWrapper.fatalError(Unknown Source)
	at com.sun.org.apache.xerces.internal.impl.XMLErrorReporter.reportError(Unknown Source)
	at com.sun.org.apache.xerces.internal.impl.XMLScanner.reportFatalError(Unknown Source)
	at com.sun.org.apache.xerces.internal.impl.XMLDocumentFragmentScannerImpl.scanEndElement(Unknown Source)
	at com.sun.org.apache.xerces.internal.impl.XMLDocumentFragmentScannerImpl$FragmentContentDriver.next(Unknown Source)
	at com.sun.org.apache.xerces.internal.impl.XMLDocumentScannerImpl.next(Unknown Source)
	at com.sun.org.apache.xerces.internal.impl.XMLDocumentFragmentScannerImpl.scanDocument(Unknown Source)
	at com.sun.org.apache.xerces.internal.parsers.XML11Configuration.parse(Unknown Source)
	at com.sun.org.apache.xerces.internal.parsers.XML11Configuration.parse(Unknown Source)
	at com.sun.org.apache.xerces.internal.parsers.XMLParser.parse(Unknown Source)
	at com.sun.org.apache.xerces.internal.parsers.AbstractSAXParser.parse(Unknown Source)
	at com.sun.org.apache.xerces.internal.jaxp.SAXParserImpl$JAXPSAXParser.parse(Unknown Source)
	at org.apache.tomcat.util.digester.Digester.parse(Digester.java:1537)
	at org.apache.catalina.startup.ContextConfig.parseWebXml(ContextConfig.java:1879)
	at org.apache.catalina.startup.ContextConfig.webConfig(ContextConfig.java:1259)
	at org.apache.catalina.startup.ContextConfig.configureStart(ContextConfig.java:878)
	at org.apache.catalina.startup.ContextConfig.lifecycleEvent(ContextConfig.java:369)
	at org.apache.catalina.util.LifecycleSupport.fireLifecycleEvent(LifecycleSupport.java:119)
	at org.apache.catalina.util.LifecycleBase.fireLifecycleEvent(LifecycleBase.java:90)
	at org.apache.catalina.core.StandardContext.startInternal(StandardContext.java:5179)
	at org.apache.catalina.util.LifecycleBase.start(LifecycleBase.java:150)
	at org.apache.catalina.core.StandardContext.reload(StandardContext.java:3926)
	at org.apache.catalina.startup.HostConfig.checkResources(HostConfig.java:1271)
	at org.apache.catalina.startup.HostConfig.check(HostConfig.java:1440)
	at org.apache.catalina.startup.HostConfig.lifecycleEvent(HostConfig.java:301)
	at org.apache.catalina.util.LifecycleSupport.fireLifecycleEvent(LifecycleSupport.java:119)
	at org.apache.catalina.util.LifecycleBase.fireLifecycleEvent(LifecycleBase.java:90)
	at org.apache.catalina.core.ContainerBase.backgroundProcess(ContainerBase.java:1374)
	at org.apache.catalina.core.ContainerBase$ContainerBackgroundProcessor.processChildren(ContainerBase.java:1530)
	at org.apache.catalina.core.ContainerBase$ContainerBackgroundProcessor.processChildren(ContainerBase.java:1540)
	at org.apache.catalina.core.ContainerBase$ContainerBackgroundProcessor.run(ContainerBase.java:1519)
	at java.lang.Thread.run(Unknown Source)
Jan 31, 2013 7:19:25 AM org.apache.catalina.startup.ContextConfig parseWebXml
SEVERE: Occurred at line 22 column 60
Jan 31, 2013 7:19:25 AM org.apache.catalina.startup.ContextConfig configureStart
SEVERE: Marking this application unavailable due to previous error(s)
Jan 31, 2013 7:19:25 AM org.apache.catalina.core.StandardContext startInternal
SEVERE: Error getConfigured
Jan 31, 2013 7:19:25 AM org.apache.catalina.core.StandardContext startInternal
SEVERE: Context [/stuess_test] startup failed due to previous errors
Jan 31, 2013 7:19:26 AM org.apache.catalina.core.StandardContext reload
INFO: Reloading Context with name [/stuess_test] is completed
Jan 31, 2013 7:20:46 AM org.apache.catalina.startup.HostConfig checkResources
INFO: Reloading context [/monstermash]
Jan 31, 2013 7:20:46 AM org.apache.catalina.core.StandardContext reload
INFO: Reloading Context with name [/monstermash] has started
Jan 31, 2013 7:20:46 AM org.apache.tomcat.util.digester.Digester fatalError
SEVERE: Parse Fatal Error at line 22 column 60: The element type "servle-class" must be terminated by the matching end-tag "</servle-class>".
org.xml.sax.SAXParseException: The element type "servle-class" must be terminated by the matching end-tag "</servle-class>".
	at com.sun.org.apache.xerces.internal.util.ErrorHandlerWrapper.createSAXParseException(Unknown Source)
	at com.sun.org.apache.xerces.internal.util.ErrorHandlerWrapper.fatalError(Unknown Source)
	at com.sun.org.apache.xerces.internal.impl.XMLErrorReporter.reportError(Unknown Source)
	at com.sun.org.apache.xerces.internal.impl.XMLScanner.reportFatalError(Unknown Source)
	at com.sun.org.apache.xerces.internal.impl.XMLDocumentFragmentScannerImpl.scanEndElement(Unknown Source)
	at com.sun.org.apache.xerces.internal.impl.XMLDocumentFragmentScannerImpl$FragmentContentDriver.next(Unknown Source)
	at com.sun.org.apache.xerces.internal.impl.XMLDocumentScannerImpl.next(Unknown Source)
	at com.sun.org.apache.xerces.internal.impl.XMLDocumentFragmentScannerImpl.scanDocument(Unknown Source)
	at com.sun.org.apache.xerces.internal.parsers.XML11Configuration.parse(Unknown Source)
	at com.sun.org.apache.xerces.internal.parsers.XML11Configuration.parse(Unknown Source)
	at com.sun.org.apache.xerces.internal.parsers.XMLParser.parse(Unknown Source)
	at com.sun.org.apache.xerces.internal.parsers.AbstractSAXParser.parse(Unknown Source)
	at com.sun.org.apache.xerces.internal.jaxp.SAXParserImpl$JAXPSAXParser.parse(Unknown Source)
	at org.apache.tomcat.util.digester.Digester.parse(Digester.java:1537)
	at org.apache.catalina.startup.ContextConfig.parseWebXml(ContextConfig.java:1879)
	at org.apache.catalina.startup.ContextConfig.webConfig(ContextConfig.java:1259)
	at org.apache.catalina.startup.ContextConfig.configureStart(ContextConfig.java:878)
	at org.apache.catalina.startup.ContextConfig.lifecycleEvent(ContextConfig.java:369)
	at org.apache.catalina.util.LifecycleSupport.fireLifecycleEvent(LifecycleSupport.java:119)
	at org.apache.catalina.util.LifecycleBase.fireLifecycleEvent(LifecycleBase.java:90)
	at org.apache.catalina.core.StandardContext.startInternal(StandardContext.java:5179)
	at org.apache.catalina.util.LifecycleBase.start(LifecycleBase.java:150)
	at org.apache.catalina.core.StandardContext.reload(StandardContext.java:3926)
	at org.apache.catalina.startup.HostConfig.checkResources(HostConfig.java:1271)
	at org.apache.catalina.startup.HostConfig.check(HostConfig.java:1440)
	at org.apache.catalina.startup.HostConfig.lifecycleEvent(HostConfig.java:301)
	at org.apache.catalina.util.LifecycleSupport.fireLifecycleEvent(LifecycleSupport.java:119)
	at org.apache.catalina.util.LifecycleBase.fireLifecycleEvent(LifecycleBase.java:90)
	at org.apache.catalina.core.ContainerBase.backgroundProcess(ContainerBase.java:1374)
	at org.apache.catalina.core.ContainerBase$ContainerBackgroundProcessor.processChildren(ContainerBase.java:1530)
	at org.apache.catalina.core.ContainerBase$ContainerBackgroundProcessor.processChildren(ContainerBase.java:1540)
	at org.apache.catalina.core.ContainerBase$ContainerBackgroundProcessor.run(ContainerBase.java:1519)
	at java.lang.Thread.run(Unknown Source)
Jan 31, 2013 7:20:46 AM org.apache.catalina.startup.ContextConfig parseWebXml
SEVERE: Parse error in application web.xml file at jndi:/localhost/monstermash/WEB-INF/web.xml
org.xml.sax.SAXParseException: The element type "servle-class" must be terminated by the matching end-tag "</servle-class>".
	at com.sun.org.apache.xerces.internal.util.ErrorHandlerWrapper.createSAXParseException(Unknown Source)
	at com.sun.org.apache.xerces.internal.util.ErrorHandlerWrapper.fatalError(Unknown Source)
	at com.sun.org.apache.xerces.internal.impl.XMLErrorReporter.reportError(Unknown Source)
	at com.sun.org.apache.xerces.internal.impl.XMLScanner.reportFatalError(Unknown Source)
	at com.sun.org.apache.xerces.internal.impl.XMLDocumentFragmentScannerImpl.scanEndElement(Unknown Source)
	at com.sun.org.apache.xerces.internal.impl.XMLDocumentFragmentScannerImpl$FragmentContentDriver.next(Unknown Source)
	at com.sun.org.apache.xerces.internal.impl.XMLDocumentScannerImpl.next(Unknown Source)
	at com.sun.org.apache.xerces.internal.impl.XMLDocumentFragmentScannerImpl.scanDocument(Unknown Source)
	at com.sun.org.apache.xerces.internal.parsers.XML11Configuration.parse(Unknown Source)
	at com.sun.org.apache.xerces.internal.parsers.XML11Configuration.parse(Unknown Source)
	at com.sun.org.apache.xerces.internal.parsers.XMLParser.parse(Unknown Source)
	at com.sun.org.apache.xerces.internal.parsers.AbstractSAXParser.parse(Unknown Source)
	at com.sun.org.apache.xerces.internal.jaxp.SAXParserImpl$JAXPSAXParser.parse(Unknown Source)
	at org.apache.tomcat.util.digester.Digester.parse(Digester.java:1537)
	at org.apache.catalina.startup.ContextConfig.parseWebXml(ContextConfig.java:1879)
	at org.apache.catalina.startup.ContextConfig.webConfig(ContextConfig.java:1259)
	at org.apache.catalina.startup.ContextConfig.configureStart(ContextConfig.java:878)
	at org.apache.catalina.startup.ContextConfig.lifecycleEvent(ContextConfig.java:369)
	at org.apache.catalina.util.LifecycleSupport.fireLifecycleEvent(LifecycleSupport.java:119)
	at org.apache.catalina.util.LifecycleBase.fireLifecycleEvent(LifecycleBase.java:90)
	at org.apache.catalina.core.StandardContext.startInternal(StandardContext.java:5179)
	at org.apache.catalina.util.LifecycleBase.start(LifecycleBase.java:150)
	at org.apache.catalina.core.StandardContext.reload(StandardContext.java:3926)
	at org.apache.catalina.startup.HostConfig.checkResources(HostConfig.java:1271)
	at org.apache.catalina.startup.HostConfig.check(HostConfig.java:1440)
	at org.apache.catalina.startup.HostConfig.lifecycleEvent(HostConfig.java:301)
	at org.apache.catalina.util.LifecycleSupport.fireLifecycleEvent(LifecycleSupport.java:119)
	at org.apache.catalina.util.LifecycleBase.fireLifecycleEvent(LifecycleBase.java:90)
	at org.apache.catalina.core.ContainerBase.backgroundProcess(ContainerBase.java:1374)
	at org.apache.catalina.core.ContainerBase$ContainerBackgroundProcessor.processChildren(ContainerBase.java:1530)
	at org.apache.catalina.core.ContainerBase$ContainerBackgroundProcessor.processChildren(ContainerBase.java:1540)
	at org.apache.catalina.core.ContainerBase$ContainerBackgroundProcessor.run(ContainerBase.java:1519)
	at java.lang.Thread.run(Unknown Source)
Jan 31, 2013 7:20:46 AM org.apache.catalina.startup.ContextConfig parseWebXml
SEVERE: Occurred at line 22 column 60
Jan 31, 2013 7:20:46 AM org.apache.catalina.startup.ContextConfig configureStart
SEVERE: Marking this application unavailable due to previous error(s)
Jan 31, 2013 7:20:46 AM org.apache.catalina.core.StandardContext startInternal
SEVERE: Error getConfigured
Jan 31, 2013 7:20:46 AM org.apache.catalina.core.StandardContext startInternal
SEVERE: Context [/monstermash] startup failed due to previous errors
Jan 31, 2013 7:20:46 AM org.apache.catalina.core.StandardContext reload
INFO: Reloading Context with name [/monstermash] is completed
Jan 31, 2013 7:20:56 AM org.apache.catalina.startup.HostConfig checkResources
INFO: Reloading context [/stuess_test]
Jan 31, 2013 7:20:56 AM org.apache.tomcat.util.digester.Digester fatalError
SEVERE: Parse Fatal Error at line 22 column 60: The element type "servle-class" must be terminated by the matching end-tag "</servle-class>".
org.xml.sax.SAXParseException: The element type "servle-class" must be terminated by the matching end-tag "</servle-class>".
	at com.sun.org.apache.xerces.internal.util.ErrorHandlerWrapper.createSAXParseException(Unknown Source)
	at com.sun.org.apache.xerces.internal.util.ErrorHandlerWrapper.fatalError(Unknown Source)
	at com.sun.org.apache.xerces.internal.impl.XMLErrorReporter.reportError(Unknown Source)
	at com.sun.org.apache.xerces.internal.impl.XMLScanner.reportFatalError(Unknown Source)
	at com.sun.org.apache.xerces.internal.impl.XMLDocumentFragmentScannerImpl.scanEndElement(Unknown Source)
	at com.sun.org.apache.xerces.internal.impl.XMLDocumentFragmentScannerImpl$FragmentContentDriver.next(Unknown Source)
	at com.sun.org.apache.xerces.internal.impl.XMLDocumentScannerImpl.next(Unknown Source)
	at com.sun.org.apache.xerces.internal.impl.XMLDocumentFragmentScannerImpl.scanDocument(Unknown Source)
	at com.sun.org.apache.xerces.internal.parsers.XML11Configuration.parse(Unknown Source)
	at com.sun.org.apache.xerces.internal.parsers.XML11Configuration.parse(Unknown Source)
	at com.sun.org.apache.xerces.internal.parsers.XMLParser.parse(Unknown Source)
	at com.sun.org.apache.xerces.internal.parsers.AbstractSAXParser.parse(Unknown Source)
	at com.sun.org.apache.xerces.internal.jaxp.SAXParserImpl$JAXPSAXParser.parse(Unknown Source)
	at org.apache.tomcat.util.digester.Digester.parse(Digester.java:1537)
	at org.apache.catalina.startup.ContextConfig.parseWebXml(ContextConfig.java:1879)
	at org.apache.catalina.startup.ContextConfig.webConfig(ContextConfig.java:1259)
	at org.apache.catalina.startup.ContextConfig.configureStart(ContextConfig.java:878)
	at org.apache.catalina.startup.ContextConfig.lifecycleEvent(ContextConfig.java:369)
	at org.apache.catalina.util.LifecycleSupport.fireLifecycleEvent(LifecycleSupport.java:119)
	at org.apache.catalina.util.LifecycleBase.fireLifecycleEvent(LifecycleBase.java:90)
	at org.apache.catalina.core.StandardContext.startInternal(StandardContext.java:5179)
	at org.apache.catalina.util.LifecycleBase.start(LifecycleBase.java:150)
	at org.apache.catalina.startup.HostConfig.checkResources(HostConfig.java:1276)
	at org.apache.catalina.startup.HostConfig.check(HostConfig.java:1440)
	at org.apache.catalina.startup.HostConfig.lifecycleEvent(HostConfig.java:301)
	at org.apache.catalina.util.LifecycleSupport.fireLifecycleEvent(LifecycleSupport.java:119)
	at org.apache.catalina.util.LifecycleBase.fireLifecycleEvent(LifecycleBase.java:90)
	at org.apache.catalina.core.ContainerBase.backgroundProcess(ContainerBase.java:1374)
	at org.apache.catalina.core.ContainerBase$ContainerBackgroundProcessor.processChildren(ContainerBase.java:1530)
	at org.apache.catalina.core.ContainerBase$ContainerBackgroundProcessor.processChildren(ContainerBase.java:1540)
	at org.apache.catalina.core.ContainerBase$ContainerBackgroundProcessor.run(ContainerBase.java:1519)
	at java.lang.Thread.run(Unknown Source)
Jan 31, 2013 7:20:56 AM org.apache.catalina.startup.ContextConfig parseWebXml
SEVERE: Parse error in application web.xml file at jndi:/localhost/stuess_test/WEB-INF/web.xml
org.xml.sax.SAXParseException: The element type "servle-class" must be terminated by the matching end-tag "</servle-class>".
	at com.sun.org.apache.xerces.internal.util.ErrorHandlerWrapper.createSAXParseException(Unknown Source)
	at com.sun.org.apache.xerces.internal.util.ErrorHandlerWrapper.fatalError(Unknown Source)
	at com.sun.org.apache.xerces.internal.impl.XMLErrorReporter.reportError(Unknown Source)
	at com.sun.org.apache.xerces.internal.impl.XMLScanner.reportFatalError(Unknown Source)
	at com.sun.org.apache.xerces.internal.impl.XMLDocumentFragmentScannerImpl.scanEndElement(Unknown Source)
	at com.sun.org.apache.xerces.internal.impl.XMLDocumentFragmentScannerImpl$FragmentContentDriver.next(Unknown Source)
	at com.sun.org.apache.xerces.internal.impl.XMLDocumentScannerImpl.next(Unknown Source)
	at com.sun.org.apache.xerces.internal.impl.XMLDocumentFragmentScannerImpl.scanDocument(Unknown Source)
	at com.sun.org.apache.xerces.internal.parsers.XML11Configuration.parse(Unknown Source)
	at com.sun.org.apache.xerces.internal.parsers.XML11Configuration.parse(Unknown Source)
	at com.sun.org.apache.xerces.internal.parsers.XMLParser.parse(Unknown Source)
	at com.sun.org.apache.xerces.internal.parsers.AbstractSAXParser.parse(Unknown Source)
	at com.sun.org.apache.xerces.internal.jaxp.SAXParserImpl$JAXPSAXParser.parse(Unknown Source)
	at org.apache.tomcat.util.digester.Digester.parse(Digester.java:1537)
	at org.apache.catalina.startup.ContextConfig.parseWebXml(ContextConfig.java:1879)
	at org.apache.catalina.startup.ContextConfig.webConfig(ContextConfig.java:1259)
	at org.apache.catalina.startup.ContextConfig.configureStart(ContextConfig.java:878)
	at org.apache.catalina.startup.ContextConfig.lifecycleEvent(ContextConfig.java:369)
	at org.apache.catalina.util.LifecycleSupport.fireLifecycleEvent(LifecycleSupport.java:119)
	at org.apache.catalina.util.LifecycleBase.fireLifecycleEvent(LifecycleBase.java:90)
	at org.apache.catalina.core.StandardContext.startInternal(StandardContext.java:5179)
	at org.apache.catalina.util.LifecycleBase.start(LifecycleBase.java:150)
	at org.apache.catalina.startup.HostConfig.checkResources(HostConfig.java:1276)
	at org.apache.catalina.startup.HostConfig.check(HostConfig.java:1440)
	at org.apache.catalina.startup.HostConfig.lifecycleEvent(HostConfig.java:301)
	at org.apache.catalina.util.LifecycleSupport.fireLifecycleEvent(LifecycleSupport.java:119)
	at org.apache.catalina.util.LifecycleBase.fireLifecycleEvent(LifecycleBase.java:90)
	at org.apache.catalina.core.ContainerBase.backgroundProcess(ContainerBase.java:1374)
	at org.apache.catalina.core.ContainerBase$ContainerBackgroundProcessor.processChildren(ContainerBase.java:1530)
	at org.apache.catalina.core.ContainerBase$ContainerBackgroundProcessor.processChildren(ContainerBase.java:1540)
	at org.apache.catalina.core.ContainerBase$ContainerBackgroundProcessor.run(ContainerBase.java:1519)
	at java.lang.Thread.run(Unknown Source)
Jan 31, 2013 7:20:56 AM org.apache.catalina.startup.ContextConfig parseWebXml
SEVERE: Occurred at line 22 column 60
Jan 31, 2013 7:20:56 AM org.apache.catalina.startup.ContextConfig configureStart
SEVERE: Marking this application unavailable due to previous error(s)
Jan 31, 2013 7:20:56 AM org.apache.catalina.core.StandardContext startInternal
SEVERE: Error getConfigured
Jan 31, 2013 7:20:56 AM org.apache.catalina.core.StandardContext startInternal
SEVERE: Context [/stuess_test] startup failed due to previous errors
Jan 31, 2013 7:30:29 AM org.apache.catalina.core.StandardContext reload
INFO: Reloading Context with name [/test_nathan] has started
Jan 31, 2013 7:30:29 AM org.apache.catalina.core.StandardContext reload
INFO: Reloading Context with name [/test_nathan] is completed
Jan 31, 2013 7:33:31 AM org.apache.catalina.core.StandardContext reload
INFO: Reloading Context with name [/test_nathan] has started
Jan 31, 2013 7:33:31 AM org.apache.catalina.core.StandardContext reload
INFO: Reloading Context with name [/test_nathan] is completed
Jan 31, 2013 7:37:17 AM org.apache.catalina.core.StandardContext reload
INFO: Reloading Context with name [/test_nathan] has started
Jan 31, 2013 7:37:17 AM org.apache.catalina.core.StandardContext reload
INFO: Reloading Context with name [/test_nathan] is completed
Jan 31, 2013 7:38:17 AM org.apache.catalina.startup.HostConfig deleteRedeployResources
INFO: Undeploying context [/miles_test]
Jan 31, 2013 7:39:17 AM org.apache.catalina.core.StandardContext reload
INFO: Reloading Context with name [/test_nathan] has started
Jan 31, 2013 7:39:18 AM org.apache.catalina.core.StandardContext reload
INFO: Reloading Context with name [/test_nathan] is completed
Jan 31, 2013 7:44:08 AM org.apache.catalina.startup.HostConfig deployDirectory
INFO: Deploying web application directory C:\Users\Handy_man\tomcat\webapps\miles_test
Jan 31, 2013 7:44:08 AM org.apache.catalina.core.ContainerBase addChildInternal
SEVERE: ContainerBase.addChild: start: 
org.apache.catalina.LifecycleException: Failed to start component [StandardEngine[Catalina].StandardHost[localhost].StandardContext[/miles_test]]
	at org.apache.catalina.util.LifecycleBase.start(LifecycleBase.java:154)
	at org.apache.catalina.core.ContainerBase.addChildInternal(ContainerBase.java:901)
	at org.apache.catalina.core.ContainerBase.addChild(ContainerBase.java:877)
	at org.apache.catalina.core.StandardHost.addChild(StandardHost.java:633)
	at org.apache.catalina.startup.HostConfig.deployDirectory(HostConfig.java:1114)
	at org.apache.catalina.startup.HostConfig$DeployDirectory.run(HostConfig.java:1673)
	at java.util.concurrent.Executors$RunnableAdapter.call(Unknown Source)
	at java.util.concurrent.FutureTask$Sync.innerRun(Unknown Source)
	at java.util.concurrent.FutureTask.run(Unknown Source)
	at java.util.concurrent.ThreadPoolExecutor$Worker.runTask(Unknown Source)
	at java.util.concurrent.ThreadPoolExecutor$Worker.run(Unknown Source)
	at java.lang.Thread.run(Unknown Source)
Caused by: java.lang.IllegalArgumentException: Servlet mapping specifies an unknown servlet name playerlist
	at org.apache.catalina.core.StandardContext.addServletMapping(StandardContext.java:3219)
	at org.apache.catalina.core.StandardContext.addServletMapping(StandardContext.java:3198)
	at org.apache.catalina.deploy.WebXml.configureContext(WebXml.java:1366)
	at org.apache.catalina.startup.ContextConfig.webConfig(ContextConfig.java:1353)
	at org.apache.catalina.startup.ContextConfig.configureStart(ContextConfig.java:878)
	at org.apache.catalina.startup.ContextConfig.lifecycleEvent(ContextConfig.java:369)
	at org.apache.catalina.util.LifecycleSupport.fireLifecycleEvent(LifecycleSupport.java:119)
	at org.apache.catalina.util.LifecycleBase.fireLifecycleEvent(LifecycleBase.java:90)
	at org.apache.catalina.core.StandardContext.startInternal(StandardContext.java:5179)
	at org.apache.catalina.util.LifecycleBase.start(LifecycleBase.java:150)
	... 11 more
Jan 31, 2013 7:44:08 AM org.apache.catalina.startup.HostConfig deployDirectory
SEVERE: Error deploying web application directory C:\Users\Handy_man\tomcat\webapps\miles_test
java.lang.IllegalStateException: ContainerBase.addChild: start: org.apache.catalina.LifecycleException: Failed to start component [StandardEngine[Catalina].StandardHost[localhost].StandardContext[/miles_test]]
	at org.apache.catalina.core.ContainerBase.addChildInternal(ContainerBase.java:904)
	at org.apache.catalina.core.ContainerBase.addChild(ContainerBase.java:877)
	at org.apache.catalina.core.StandardHost.addChild(StandardHost.java:633)
	at org.apache.catalina.startup.HostConfig.deployDirectory(HostConfig.java:1114)
	at org.apache.catalina.startup.HostConfig$DeployDirectory.run(HostConfig.java:1673)
	at java.util.concurrent.Executors$RunnableAdapter.call(Unknown Source)
	at java.util.concurrent.FutureTask$Sync.innerRun(Unknown Source)
	at java.util.concurrent.FutureTask.run(Unknown Source)
	at java.util.concurrent.ThreadPoolExecutor$Worker.runTask(Unknown Source)
	at java.util.concurrent.ThreadPoolExecutor$Worker.run(Unknown Source)
	at java.lang.Thread.run(Unknown Source)
Jan 31, 2013 8:10:44 AM org.apache.catalina.core.StandardContext reload
INFO: Reloading Context with name [/test_nathan] has started
Jan 31, 2013 8:10:44 AM org.apache.catalina.core.StandardContext reload
INFO: Reloading Context with name [/test_nathan] is completed
Jan 31, 2013 9:24:16 AM org.apache.catalina.core.StandardContext reload
INFO: Reloading Context with name [/test_nathan] has started
Jan 31, 2013 9:24:16 AM org.apache.catalina.core.StandardContext reload
INFO: Reloading Context with name [/test_nathan] is completed
Jan 31, 2013 9:43:40 AM org.apache.catalina.startup.HostConfig checkResources
INFO: Reloading context [/stuess_test]
Jan 31, 2013 9:46:50 AM org.apache.catalina.startup.HostConfig checkResources
INFO: Reloading context [/stuess_test]
Jan 31, 2013 9:46:50 AM org.apache.catalina.core.StandardContext reload
INFO: Reloading Context with name [/stuess_test] has started
Jan 31, 2013 9:46:50 AM org.apache.catalina.core.StandardContext reload
INFO: Reloading Context with name [/stuess_test] is completed
Jan 31, 2013 9:46:53 AM org.apache.catalina.core.StandardContext reload
INFO: Reloading Context with name [/test_nathan] has started
Jan 31, 2013 9:46:54 AM org.apache.catalina.core.StandardContext reload
INFO: Reloading Context with name [/test_nathan] is completed
Jan 31, 2013 9:51:40 AM org.apache.catalina.startup.HostConfig checkResources
INFO: Reloading context [/test_nathan]
Jan 31, 2013 9:51:40 AM org.apache.catalina.core.StandardContext reload
INFO: Reloading Context with name [/test_nathan] has started
Jan 31, 2013 9:51:41 AM org.apache.catalina.core.StandardContext reload
SEVERE: Exception starting Context with name [/test_nathan]
org.apache.catalina.LifecycleException: Failed to start component [StandardEngine[Catalina].StandardHost[localhost].StandardContext[/test_nathan]]
	at org.apache.catalina.util.LifecycleBase.start(LifecycleBase.java:154)
	at org.apache.catalina.core.StandardContext.reload(StandardContext.java:3926)
	at org.apache.catalina.startup.HostConfig.checkResources(HostConfig.java:1271)
	at org.apache.catalina.startup.HostConfig.check(HostConfig.java:1440)
	at org.apache.catalina.startup.HostConfig.lifecycleEvent(HostConfig.java:301)
	at org.apache.catalina.util.LifecycleSupport.fireLifecycleEvent(LifecycleSupport.java:119)
	at org.apache.catalina.util.LifecycleBase.fireLifecycleEvent(LifecycleBase.java:90)
	at org.apache.catalina.core.ContainerBase.backgroundProcess(ContainerBase.java:1374)
	at org.apache.catalina.core.ContainerBase$ContainerBackgroundProcessor.processChildren(ContainerBase.java:1530)
	at org.apache.catalina.core.ContainerBase$ContainerBackgroundProcessor.processChildren(ContainerBase.java:1540)
	at org.apache.catalina.core.ContainerBase$ContainerBackgroundProcessor.run(ContainerBase.java:1519)
	at java.lang.Thread.run(Unknown Source)
Caused by: java.lang.IllegalArgumentException: The servlets named [registration] and [Registration_servlet] are both mapped to the url-pattern [/Registration_servlet] which is not permitted
	at org.apache.catalina.deploy.WebXml.addServletMapping(WebXml.java:335)
	at org.apache.catalina.startup.ContextConfig.processAnnotationWebServlet(ContextConfig.java:2412)
	at org.apache.catalina.startup.ContextConfig.processAnnotationsStream(ContextConfig.java:2125)
	at org.apache.catalina.startup.ContextConfig.processAnnotationsJndi(ContextConfig.java:2042)
	at org.apache.catalina.startup.ContextConfig.processAnnotationsUrl(ContextConfig.java:1949)
	at org.apache.catalina.startup.ContextConfig.webConfig(ContextConfig.java:1307)
	at org.apache.catalina.startup.ContextConfig.configureStart(ContextConfig.java:878)
	at org.apache.catalina.startup.ContextConfig.lifecycleEvent(ContextConfig.java:369)
	at org.apache.catalina.util.LifecycleSupport.fireLifecycleEvent(LifecycleSupport.java:119)
	at org.apache.catalina.util.LifecycleBase.fireLifecycleEvent(LifecycleBase.java:90)
	at org.apache.catalina.core.StandardContext.startInternal(StandardContext.java:5179)
	at org.apache.catalina.util.LifecycleBase.start(LifecycleBase.java:150)
	... 11 more
Jan 31, 2013 9:51:41 AM org.apache.catalina.core.StandardContext reload
INFO: Reloading Context with name [/test_nathan] is completed
Jan 31, 2013 10:02:31 AM org.apache.catalina.startup.HostConfig checkResources
INFO: Reloading context [/test_nathan]
Jan 31, 2013 10:02:31 AM org.apache.catalina.startup.HostConfig checkResources
WARNING: Error during context [/test_nathan] restart
org.apache.catalina.LifecycleException: Failed to start component [StandardEngine[Catalina].StandardHost[localhost].StandardContext[/test_nathan]]
	at org.apache.catalina.util.LifecycleBase.start(LifecycleBase.java:154)
	at org.apache.catalina.startup.HostConfig.checkResources(HostConfig.java:1276)
	at org.apache.catalina.startup.HostConfig.check(HostConfig.java:1440)
	at org.apache.catalina.startup.HostConfig.lifecycleEvent(HostConfig.java:301)
	at org.apache.catalina.util.LifecycleSupport.fireLifecycleEvent(LifecycleSupport.java:119)
	at org.apache.catalina.util.LifecycleBase.fireLifecycleEvent(LifecycleBase.java:90)
	at org.apache.catalina.core.ContainerBase.backgroundProcess(ContainerBase.java:1374)
	at org.apache.catalina.core.ContainerBase$ContainerBackgroundProcessor.processChildren(ContainerBase.java:1530)
	at org.apache.catalina.core.ContainerBase$ContainerBackgroundProcessor.processChildren(ContainerBase.java:1540)
	at org.apache.catalina.core.ContainerBase$ContainerBackgroundProcessor.run(ContainerBase.java:1519)
	at java.lang.Thread.run(Unknown Source)
Caused by: java.lang.IllegalArgumentException: The servlets named [registration] and [Registration_servlet] are both mapped to the url-pattern [/Registration_servlet] which is not permitted
	at org.apache.catalina.deploy.WebXml.addServletMapping(WebXml.java:335)
	at org.apache.catalina.startup.ContextConfig.processAnnotationWebServlet(ContextConfig.java:2412)
	at org.apache.catalina.startup.ContextConfig.processAnnotationsStream(ContextConfig.java:2125)
	at org.apache.catalina.startup.ContextConfig.processAnnotationsJndi(ContextConfig.java:2042)
	at org.apache.catalina.startup.ContextConfig.processAnnotationsUrl(ContextConfig.java:1949)
	at org.apache.catalina.startup.ContextConfig.webConfig(ContextConfig.java:1307)
	at org.apache.catalina.startup.ContextConfig.configureStart(ContextConfig.java:878)
	at org.apache.catalina.startup.ContextConfig.lifecycleEvent(ContextConfig.java:369)
	at org.apache.catalina.util.LifecycleSupport.fireLifecycleEvent(LifecycleSupport.java:119)
	at org.apache.catalina.util.LifecycleBase.fireLifecycleEvent(LifecycleBase.java:90)
	at org.apache.catalina.core.StandardContext.startInternal(StandardContext.java:5179)
	at org.apache.catalina.util.LifecycleBase.start(LifecycleBase.java:150)
	... 10 more
Jan 31, 2013 10:05:31 AM org.apache.catalina.startup.HostConfig checkResources
INFO: Reloading context [/test_nathan]
Jan 31, 2013 10:05:38 AM org.apache.catalina.util.LifecycleBase start
INFO: The start() method was called on component [StandardEngine[Catalina].StandardHost[localhost].StandardContext[/test_nathan]] after start() had already been called. The second call will be ignored.
Jan 31, 2013 10:09:46 AM org.apache.catalina.core.StandardContext reload
INFO: Reloading Context with name [/test_nathan] has started
Jan 31, 2013 10:09:46 AM org.apache.catalina.core.StandardContext reload
INFO: Reloading Context with name [/test_nathan] is completed
Jan 31, 2013 10:11:22 AM org.apache.catalina.startup.HostConfig checkResources
INFO: Reloading context [/test_nathan]
Jan 31, 2013 10:11:22 AM org.apache.catalina.core.StandardContext reload
INFO: Reloading Context with name [/test_nathan] has started
Jan 31, 2013 10:11:22 AM org.apache.catalina.core.StandardContext reload
INFO: Reloading Context with name [/test_nathan] is completed
Jan 31, 2013 10:11:27 AM org.apache.catalina.core.StandardContext reload
INFO: Reloading Context with name [/test_nathan] has started
Jan 31, 2013 10:11:27 AM org.apache.catalina.core.StandardContext reload
INFO: Reloading Context with name [/test_nathan] is completed
Jan 31, 2013 10:11:52 AM org.apache.catalina.startup.HostConfig checkResources
INFO: Reloading context [/test_nathan]
Jan 31, 2013 10:11:52 AM org.apache.catalina.core.StandardContext reload
INFO: Reloading Context with name [/test_nathan] has started
Jan 31, 2013 10:11:53 AM org.apache.catalina.core.StandardContext reload
INFO: Reloading Context with name [/test_nathan] is completed
Jan 31, 2013 10:12:02 AM org.apache.catalina.core.StandardContext reload
INFO: Reloading Context with name [/test_nathan] has started
Jan 31, 2013 10:12:02 AM org.apache.catalina.core.StandardContext reload
INFO: Reloading Context with name [/test_nathan] is completed
Jan 31, 2013 10:15:13 AM org.apache.catalina.startup.HostConfig checkResources
INFO: Reloading context [/test_nathan]
Jan 31, 2013 10:15:13 AM org.apache.catalina.core.StandardContext reload
INFO: Reloading Context with name [/test_nathan] has started
Jan 31, 2013 10:15:13 AM org.apache.catalina.core.StandardContext reload
INFO: Reloading Context with name [/test_nathan] is completed
Jan 31, 2013 10:15:33 AM org.apache.catalina.core.StandardContext reload
INFO: Reloading Context with name [/test_nathan] has started
Jan 31, 2013 10:15:34 AM org.apache.catalina.core.StandardContext reload
INFO: Reloading Context with name [/test_nathan] is completed
Jan 31, 2013 10:20:33 AM org.apache.catalina.startup.HostConfig checkResources
INFO: Reloading context [/test_nathan]
Jan 31, 2013 10:20:33 AM org.apache.catalina.core.StandardContext reload
INFO: Reloading Context with name [/test_nathan] has started
Jan 31, 2013 10:20:34 AM org.apache.catalina.core.StandardContext reload
INFO: Reloading Context with name [/test_nathan] is completed
Jan 31, 2013 10:20:41 AM org.apache.catalina.core.StandardContext reload
INFO: Reloading Context with name [/test_nathan] has started
Jan 31, 2013 10:20:42 AM org.apache.catalina.core.StandardContext reload
INFO: Reloading Context with name [/test_nathan] is completed
Jan 31, 2013 10:24:14 AM org.apache.catalina.startup.HostConfig checkResources
INFO: Reloading context [/test_nathan]
Jan 31, 2013 10:24:14 AM org.apache.catalina.core.StandardContext reload
INFO: Reloading Context with name [/test_nathan] has started
Jan 31, 2013 10:24:14 AM org.apache.catalina.core.StandardContext reload
INFO: Reloading Context with name [/test_nathan] is completed
Jan 31, 2013 10:24:15 AM org.apache.catalina.core.StandardContext reload
INFO: Reloading Context with name [/test_nathan] has started
Jan 31, 2013 10:24:15 AM org.apache.catalina.core.StandardContext reload
INFO: Reloading Context with name [/test_nathan] is completed
Jan 31, 2013 10:26:34 AM org.apache.catalina.startup.HostConfig checkResources
INFO: Reloading context [/test_nathan]
Jan 31, 2013 10:26:34 AM org.apache.catalina.core.StandardContext reload
INFO: Reloading Context with name [/test_nathan] has started
Jan 31, 2013 10:26:35 AM org.apache.catalina.core.StandardContext reload
INFO: Reloading Context with name [/test_nathan] is completed
Jan 31, 2013 10:27:35 AM org.apache.catalina.startup.HostConfig checkResources
INFO: Reloading context [/test_nathan]
Jan 31, 2013 10:27:35 AM org.apache.catalina.core.StandardContext reload
INFO: Reloading Context with name [/test_nathan] has started
Jan 31, 2013 10:27:35 AM org.apache.catalina.core.StandardContext reload
INFO: Reloading Context with name [/test_nathan] is completed
Jan 31, 2013 10:27:43 AM org.apache.catalina.core.StandardContext reload
INFO: Reloading Context with name [/test_nathan] has started
Jan 31, 2013 10:27:44 AM org.apache.catalina.core.StandardContext reload
INFO: Reloading Context with name [/test_nathan] is completed
Jan 31, 2013 10:29:05 AM org.apache.catalina.startup.HostConfig checkResources
INFO: Reloading context [/test_nathan]
Jan 31, 2013 10:29:05 AM org.apache.catalina.core.StandardContext reload
INFO: Reloading Context with name [/test_nathan] has started
Jan 31, 2013 10:29:06 AM org.apache.catalina.core.StandardContext reload
INFO: Reloading Context with name [/test_nathan] is completed
Jan 31, 2013 10:29:07 AM org.apache.catalina.core.StandardContext reload
INFO: Reloading Context with name [/test_nathan] has started
Jan 31, 2013 10:29:08 AM org.apache.catalina.core.StandardContext reload
INFO: Reloading Context with name [/test_nathan] is completed
Jan 31, 2013 10:40:16 AM org.apache.catalina.startup.HostConfig checkResources
INFO: Reloading context [/test_nathan]
Jan 31, 2013 10:40:16 AM org.apache.catalina.core.StandardContext reload
INFO: Reloading Context with name [/test_nathan] has started
Jan 31, 2013 10:40:16 AM org.apache.catalina.core.StandardContext reload
INFO: Reloading Context with name [/test_nathan] is completed
Jan 31, 2013 10:40:53 AM org.apache.catalina.core.StandardContext reload
INFO: Reloading Context with name [/test_nathan] has started
Jan 31, 2013 10:40:54 AM org.apache.catalina.core.StandardContext reload
INFO: Reloading Context with name [/test_nathan] is completed
Jan 31, 2013 10:42:16 AM org.apache.catalina.startup.HostConfig checkResources
INFO: Reloading context [/stuess_test]
Jan 31, 2013 10:42:16 AM org.apache.catalina.core.StandardContext reload
INFO: Reloading Context with name [/stuess_test] has started
Jan 31, 2013 10:42:17 AM org.apache.catalina.core.StandardContext reload
INFO: Reloading Context with name [/stuess_test] is completed
Jan 31, 2013 10:42:17 AM org.apache.catalina.startup.HostConfig checkResources
INFO: Reloading context [/miles_test]
Jan 31, 2013 10:42:17 AM org.apache.catalina.loader.WebappClassLoader clearReferencesThreads
SEVERE: The web application [/miles_test] appears to have started a thread named [Abandoned connection cleanup thread] but has failed to stop it. This is very likely to create a memory leak.
Jan 31, 2013 10:42:27 AM org.apache.catalina.startup.HostConfig checkResources
INFO: Reloading context [/stuess_test]
Jan 31, 2013 10:42:27 AM org.apache.catalina.core.StandardContext reload
INFO: Reloading Context with name [/stuess_test] has started
Jan 31, 2013 10:42:27 AM org.apache.catalina.core.StandardContext reload
INFO: Reloading Context with name [/stuess_test] is completed
Jan 31, 2013 10:42:27 AM org.apache.catalina.startup.HostConfig checkResources
INFO: Reloading context [/test_nathan]
Jan 31, 2013 10:42:27 AM org.apache.catalina.core.StandardContext reload
INFO: Reloading Context with name [/test_nathan] has started
Jan 31, 2013 10:42:28 AM org.apache.catalina.core.StandardContext reload
INFO: Reloading Context with name [/test_nathan] is completed
Jan 31, 2013 10:45:28 AM org.apache.catalina.startup.HostConfig checkResources
INFO: Reloading context [/test_nathan]
Jan 31, 2013 10:45:28 AM org.apache.catalina.core.StandardContext reload
INFO: Reloading Context with name [/test_nathan] has started
Jan 31, 2013 10:45:28 AM org.apache.catalina.core.StandardContext reload
INFO: Reloading Context with name [/test_nathan] is completed
Jan 31, 2013 10:45:46 AM org.apache.catalina.core.StandardContext reload
INFO: Reloading Context with name [/test_nathan] has started
Jan 31, 2013 10:45:47 AM org.apache.catalina.core.StandardContext reload
INFO: Reloading Context with name [/test_nathan] is completed
Jan 31, 2013 10:53:49 AM org.apache.catalina.startup.HostConfig checkResources
INFO: Reloading context [/test_nathan]
Jan 31, 2013 10:53:49 AM org.apache.catalina.core.StandardContext reload
INFO: Reloading Context with name [/test_nathan] has started
Jan 31, 2013 10:53:49 AM org.apache.catalina.core.StandardContext reload
INFO: Reloading Context with name [/test_nathan] is completed
Jan 31, 2013 10:53:59 AM org.apache.catalina.core.StandardContext reload
INFO: Reloading Context with name [/test_nathan] has started
Jan 31, 2013 10:53:59 AM org.apache.catalina.core.StandardContext reload
INFO: Reloading Context with name [/test_nathan] is completed
Jan 31, 2013 10:54:40 AM org.apache.catalina.startup.HostConfig deleteRedeployResources
INFO: Undeploying context [/miles_test]
Jan 31, 2013 10:55:40 AM org.apache.catalina.startup.HostConfig deployDirectory
INFO: Deploying web application directory C:\Users\Handy_man\tomcat\webapps\miles
Jan 31, 2013 11:08:00 AM org.apache.catalina.startup.HostConfig checkResources
INFO: Reloading context [/test_nathan]
Jan 31, 2013 11:08:00 AM org.apache.catalina.core.StandardContext reload
INFO: Reloading Context with name [/test_nathan] has started
Jan 31, 2013 11:08:00 AM org.apache.catalina.startup.ContextConfig processAnnotationsJndi
SEVERE: Unable to process resource element [jndi:/localhost/test_nathan/WEB-INF/classes/Registration_servlet.class] for annotations
java.io.EOFException
	at java.io.DataInputStream.readInt(Unknown Source)
	at org.apache.tomcat.util.bcel.classfile.ClassParser.readID(ClassParser.java:237)
	at org.apache.tomcat.util.bcel.classfile.ClassParser.parse(ClassParser.java:114)
	at org.apache.catalina.startup.ContextConfig.processAnnotationsStream(ContextConfig.java:2105)
	at org.apache.catalina.startup.ContextConfig.processAnnotationsJndi(ContextConfig.java:2042)
	at org.apache.catalina.startup.ContextConfig.processAnnotationsUrl(ContextConfig.java:1949)
	at org.apache.catalina.startup.ContextConfig.webConfig(ContextConfig.java:1307)
	at org.apache.catalina.startup.ContextConfig.configureStart(ContextConfig.java:878)
	at org.apache.catalina.startup.ContextConfig.lifecycleEvent(ContextConfig.java:369)
	at org.apache.catalina.util.LifecycleSupport.fireLifecycleEvent(LifecycleSupport.java:119)
	at org.apache.catalina.util.LifecycleBase.fireLifecycleEvent(LifecycleBase.java:90)
	at org.apache.catalina.core.StandardContext.startInternal(StandardContext.java:5179)
	at org.apache.catalina.util.LifecycleBase.start(LifecycleBase.java:150)
	at org.apache.catalina.core.StandardContext.reload(StandardContext.java:3926)
	at org.apache.catalina.startup.HostConfig.checkResources(HostConfig.java:1271)
	at org.apache.catalina.startup.HostConfig.check(HostConfig.java:1440)
	at org.apache.catalina.startup.HostConfig.lifecycleEvent(HostConfig.java:301)
	at org.apache.catalina.util.LifecycleSupport.fireLifecycleEvent(LifecycleSupport.java:119)
	at org.apache.catalina.util.LifecycleBase.fireLifecycleEvent(LifecycleBase.java:90)
	at org.apache.catalina.core.ContainerBase.backgroundProcess(ContainerBase.java:1374)
	at org.apache.catalina.core.ContainerBase$ContainerBackgroundProcessor.processChildren(ContainerBase.java:1530)
	at org.apache.catalina.core.ContainerBase$ContainerBackgroundProcessor.processChildren(ContainerBase.java:1540)
	at org.apache.catalina.core.ContainerBase$ContainerBackgroundProcessor.run(ContainerBase.java:1519)
	at java.lang.Thread.run(Unknown Source)
Jan 31, 2013 11:08:00 AM org.apache.catalina.core.StandardContext reload
INFO: Reloading Context with name [/test_nathan] is completed
Jan 31, 2013 11:08:07 AM org.apache.catalina.core.StandardContext reload
INFO: Reloading Context with name [/test_nathan] has started
Jan 31, 2013 11:08:08 AM org.apache.catalina.core.StandardContext reload
INFO: Reloading Context with name [/test_nathan] is completed
Jan 31, 2013 11:12:30 AM org.apache.catalina.startup.HostConfig checkResources
INFO: Reloading context [/test_nathan]
Jan 31, 2013 11:12:30 AM org.apache.catalina.core.StandardContext reload
INFO: Reloading Context with name [/test_nathan] has started
Jan 31, 2013 11:12:31 AM org.apache.catalina.core.StandardContext reload
INFO: Reloading Context with name [/test_nathan] is completed
Jan 31, 2013 11:12:31 AM org.apache.catalina.core.StandardContext reload
INFO: Reloading Context with name [/test_nathan] has started
Jan 31, 2013 11:12:31 AM org.apache.catalina.core.StandardContext reload
INFO: Reloading Context with name [/test_nathan] is completed
Jan 31, 2013 11:14:51 AM org.apache.catalina.startup.HostConfig checkResources
INFO: Reloading context [/test_nathan]
Jan 31, 2013 11:14:51 AM org.apache.catalina.core.StandardContext reload
INFO: Reloading Context with name [/test_nathan] has started
Jan 31, 2013 11:14:51 AM org.apache.catalina.core.StandardContext reload
INFO: Reloading Context with name [/test_nathan] is completed
Jan 31, 2013 11:14:53 AM org.apache.catalina.core.StandardContext reload
INFO: Reloading Context with name [/test_nathan] has started
Jan 31, 2013 11:14:54 AM org.apache.catalina.core.StandardContext reload
INFO: Reloading Context with name [/test_nathan] is completed
Jan 31, 2013 11:21:41 AM org.apache.catalina.startup.HostConfig checkResources
INFO: Reloading context [/test_nathan]
Jan 31, 2013 11:21:41 AM org.apache.catalina.core.StandardContext reload
INFO: Reloading Context with name [/test_nathan] has started
Jan 31, 2013 11:21:42 AM org.apache.catalina.core.StandardContext reload
INFO: Reloading Context with name [/test_nathan] is completed
Jan 31, 2013 11:22:28 AM org.apache.catalina.core.StandardContext reload
INFO: Reloading Context with name [/test_nathan] has started
Jan 31, 2013 11:22:28 AM org.apache.catalina.core.StandardContext reload
INFO: Reloading Context with name [/test_nathan] is completed
Jan 31, 2013 11:25:32 AM org.apache.catalina.startup.HostConfig checkResources
INFO: Reloading context [/test_nathan]
Jan 31, 2013 11:25:32 AM org.apache.catalina.core.StandardContext reload
INFO: Reloading Context with name [/test_nathan] has started
Jan 31, 2013 11:25:32 AM org.apache.catalina.core.StandardContext reload
INFO: Reloading Context with name [/test_nathan] is completed
Jan 31, 2013 11:25:37 AM org.apache.catalina.core.StandardContext reload
INFO: Reloading Context with name [/test_nathan] has started
Jan 31, 2013 11:25:37 AM org.apache.catalina.core.StandardContext reload
INFO: Reloading Context with name [/test_nathan] is completed
Jan 31, 2013 11:26:32 AM org.apache.catalina.startup.HostConfig checkResources
INFO: Reloading context [/test_nathan]
Jan 31, 2013 11:26:32 AM org.apache.catalina.core.StandardContext reload
INFO: Reloading Context with name [/test_nathan] has started
Jan 31, 2013 11:26:33 AM org.apache.catalina.core.StandardContext reload
INFO: Reloading Context with name [/test_nathan] is completed
Jan 31, 2013 11:26:39 AM org.apache.catalina.core.StandardContext reload
INFO: Reloading Context with name [/test_nathan] has started
Jan 31, 2013 11:26:40 AM org.apache.catalina.core.StandardContext reload
INFO: Reloading Context with name [/test_nathan] is completed
Jan 31, 2013 11:53:13 AM org.apache.catalina.startup.HostConfig checkResources
INFO: Reloading context [/test_nathan]
Jan 31, 2013 11:53:13 AM org.apache.catalina.core.StandardContext reload
INFO: Reloading Context with name [/test_nathan] has started
Jan 31, 2013 11:53:14 AM org.apache.catalina.core.StandardContext reload
INFO: Reloading Context with name [/test_nathan] is completed
Jan 31, 2013 11:53:15 AM org.apache.catalina.core.StandardContext reload
INFO: Reloading Context with name [/test_nathan] has started
Jan 31, 2013 11:53:15 AM org.apache.catalina.core.StandardContext reload
INFO: Reloading Context with name [/test_nathan] is completed
Jan 31, 2013 12:02:18 PM org.apache.catalina.core.StandardContext reload
INFO: Reloading Context with name [/test_nathan] has started
Jan 31, 2013 12:02:19 PM org.apache.catalina.core.StandardContext reload
INFO: Reloading Context with name [/test_nathan] is completed
Jan 31, 2013 12:02:24 PM org.apache.catalina.startup.HostConfig checkResources
INFO: Reloading context [/test_nathan]
Jan 31, 2013 12:02:24 PM org.apache.catalina.core.StandardContext reload
INFO: Reloading Context with name [/test_nathan] has started
Jan 31, 2013 12:02:24 PM org.apache.catalina.core.StandardContext reload
INFO: Reloading Context with name [/test_nathan] is completed
Jan 31, 2013 12:13:54 PM org.apache.catalina.startup.HostConfig checkResources
INFO: Reloading context [/test_nathan]
Jan 31, 2013 12:13:54 PM org.apache.catalina.core.StandardContext reload
INFO: Reloading Context with name [/test_nathan] has started
Jan 31, 2013 12:13:55 PM org.apache.catalina.core.StandardContext reload
INFO: Reloading Context with name [/test_nathan] is completed
Jan 31, 2013 12:14:15 PM org.apache.catalina.core.StandardContext reload
INFO: Reloading Context with name [/test_nathan] has started
Jan 31, 2013 12:14:15 PM org.apache.catalina.core.StandardContext reload
INFO: Reloading Context with name [/test_nathan] is completed
Jan 31, 2013 12:15:25 PM org.apache.catalina.startup.HostConfig checkResources
INFO: Reloading context [/test_nathan]
Jan 31, 2013 12:15:25 PM org.apache.catalina.core.StandardContext reload
INFO: Reloading Context with name [/test_nathan] has started
Jan 31, 2013 12:15:25 PM org.apache.catalina.core.StandardContext reload
INFO: Reloading Context with name [/test_nathan] is completed
Jan 31, 2013 12:15:37 PM org.apache.catalina.core.StandardContext reload
INFO: Reloading Context with name [/test_nathan] has started
Jan 31, 2013 12:15:38 PM org.apache.catalina.core.StandardContext reload
INFO: Reloading Context with name [/test_nathan] is completed
Jan 31, 2013 12:27:56 PM org.apache.catalina.startup.HostConfig checkResources
INFO: Reloading context [/test_nathan]
Jan 31, 2013 12:27:56 PM org.apache.catalina.core.StandardContext reload
INFO: Reloading Context with name [/test_nathan] has started
Jan 31, 2013 12:27:56 PM org.apache.catalina.core.StandardContext reload
INFO: Reloading Context with name [/test_nathan] is completed
Jan 31, 2013 12:42:26 PM org.apache.catalina.startup.HostConfig checkResources
INFO: Reloading context [/test_nathan]
Jan 31, 2013 12:42:26 PM org.apache.catalina.core.StandardContext reload
INFO: Reloading Context with name [/test_nathan] has started
Jan 31, 2013 12:42:27 PM org.apache.catalina.core.StandardContext reload
INFO: Reloading Context with name [/test_nathan] is completed
Jan 31, 2013 1:19:27 PM org.apache.catalina.startup.HostConfig checkResources
INFO: Reloading context [/test_nathan]
Jan 31, 2013 1:19:27 PM org.apache.catalina.core.StandardContext reload
INFO: Reloading Context with name [/test_nathan] has started
Jan 31, 2013 1:19:28 PM org.apache.catalina.core.StandardContext reload
INFO: Reloading Context with name [/test_nathan] is completed
Jan 31, 2013 2:40:39 PM org.apache.catalina.startup.HostConfig checkResources
INFO: Reloading context [/stuess_test]
Jan 31, 2013 2:40:39 PM org.apache.catalina.core.StandardContext reload
INFO: Reloading Context with name [/stuess_test] has started
Jan 31, 2013 2:40:39 PM org.apache.catalina.core.StandardContext reload
INFO: Reloading Context with name [/stuess_test] is completed
Jan 31, 2013 2:41:29 PM org.apache.catalina.startup.HostConfig checkResources
INFO: Reloading context [/test_nathan]
Jan 31, 2013 2:41:29 PM org.apache.catalina.core.StandardContext reload
INFO: Reloading Context with name [/test_nathan] has started
Jan 31, 2013 2:41:30 PM org.apache.catalina.startup.ContextConfig processAnnotationsJndi
SEVERE: Unable to process resource element [jndi:/localhost/test_nathan/WEB-INF/classes/Login_servlet.class] for annotations
java.io.EOFException
	at java.io.DataInputStream.readFully(Unknown Source)
	at java.io.DataInputStream.readFully(Unknown Source)
	at org.apache.tomcat.util.bcel.classfile.Code.<init>(Code.java:70)
	at org.apache.tomcat.util.bcel.classfile.Attribute.readAttribute(Attribute.java:126)
	at org.apache.tomcat.util.bcel.classfile.FieldOrMethod.<init>(FieldOrMethod.java:58)
	at org.apache.tomcat.util.bcel.classfile.Method.<init>(Method.java:72)
	at org.apache.tomcat.util.bcel.classfile.ClassParser.readMethods(ClassParser.java:268)
	at org.apache.tomcat.util.bcel.classfile.ClassParser.parse(ClassParser.java:128)
	at org.apache.catalina.startup.ContextConfig.processAnnotationsStream(ContextConfig.java:2105)
	at org.apache.catalina.startup.ContextConfig.processAnnotationsJndi(ContextConfig.java:2042)
	at org.apache.catalina.startup.ContextConfig.processAnnotationsUrl(ContextConfig.java:1949)
	at org.apache.catalina.startup.ContextConfig.webConfig(ContextConfig.java:1307)
	at org.apache.catalina.startup.ContextConfig.configureStart(ContextConfig.java:878)
	at org.apache.catalina.startup.ContextConfig.lifecycleEvent(ContextConfig.java:369)
	at org.apache.catalina.util.LifecycleSupport.fireLifecycleEvent(LifecycleSupport.java:119)
	at org.apache.catalina.util.LifecycleBase.fireLifecycleEvent(LifecycleBase.java:90)
	at org.apache.catalina.core.StandardContext.startInternal(StandardContext.java:5179)
	at org.apache.catalina.util.LifecycleBase.start(LifecycleBase.java:150)
	at org.apache.catalina.core.StandardContext.reload(StandardContext.java:3926)
	at org.apache.catalina.startup.HostConfig.checkResources(HostConfig.java:1271)
	at org.apache.catalina.startup.HostConfig.check(HostConfig.java:1440)
	at org.apache.catalina.startup.HostConfig.lifecycleEvent(HostConfig.java:301)
	at org.apache.catalina.util.LifecycleSupport.fireLifecycleEvent(LifecycleSupport.java:119)
	at org.apache.catalina.util.LifecycleBase.fireLifecycleEvent(LifecycleBase.java:90)
	at org.apache.catalina.core.ContainerBase.backgroundProcess(ContainerBase.java:1374)
	at org.apache.catalina.core.ContainerBase$ContainerBackgroundProcessor.processChildren(ContainerBase.java:1530)
	at org.apache.catalina.core.ContainerBase$ContainerBackgroundProcessor.processChildren(ContainerBase.java:1540)
	at org.apache.catalina.core.ContainerBase$ContainerBackgroundProcessor.run(ContainerBase.java:1519)
	at java.lang.Thread.run(Unknown Source)
Jan 31, 2013 2:41:30 PM org.apache.catalina.core.StandardContext reload
INFO: Reloading Context with name [/test_nathan] is completed
Jan 31, 2013 2:42:17 PM org.apache.catalina.core.StandardContext reload
INFO: Reloading Context with name [/test_nathan] has started
Jan 31, 2013 2:42:18 PM org.apache.catalina.core.StandardContext reload
INFO: Reloading Context with name [/test_nathan] is completed
Jan 31, 2013 2:48:00 PM org.apache.catalina.startup.HostConfig checkResources
INFO: Reloading context [/test_nathan]
Jan 31, 2013 2:48:00 PM org.apache.catalina.core.StandardContext reload
INFO: Reloading Context with name [/test_nathan] has started
Jan 31, 2013 2:48:00 PM org.apache.catalina.core.StandardContext reload
INFO: Reloading Context with name [/test_nathan] is completed
Jan 31, 2013 2:48:18 PM org.apache.catalina.core.StandardContext reload
INFO: Reloading Context with name [/test_nathan] has started
Jan 31, 2013 2:48:19 PM org.apache.catalina.core.StandardContext reload
INFO: Reloading Context with name [/test_nathan] is completed
Jan 31, 2013 2:52:30 PM org.apache.catalina.core.StandardContext reload
INFO: Reloading Context with name [/test_nathan] has started
Jan 31, 2013 2:52:30 PM org.apache.catalina.startup.HostConfig checkResources
INFO: Reloading context [/test_nathan]
Jan 31, 2013 2:52:31 PM org.apache.catalina.core.StandardContext reload
INFO: Reloading Context with name [/test_nathan] is completed
Jan 31, 2013 2:52:31 PM org.apache.catalina.util.LifecycleBase start
INFO: The start() method was called on component [StandardEngine[Catalina].StandardHost[localhost].StandardContext[/test_nathan]] after start() had already been called. The second call will be ignored.
Jan 31, 2013 3:08:41 PM org.apache.catalina.startup.HostConfig checkResources
INFO: Reloading context [/test_nathan]
Jan 31, 2013 3:08:41 PM org.apache.catalina.core.StandardContext reload
INFO: Reloading Context with name [/test_nathan] has started
Jan 31, 2013 3:08:41 PM org.apache.catalina.core.StandardContext reload
INFO: Reloading Context with name [/test_nathan] is completed
Jan 31, 2013 3:08:46 PM org.apache.catalina.core.StandardContext reload
INFO: Reloading Context with name [/test_nathan] has started
Jan 31, 2013 3:08:47 PM org.apache.catalina.core.StandardContext reload
INFO: Reloading Context with name [/test_nathan] is completed
Jan 31, 2013 3:11:28 PM org.apache.catalina.core.StandardContext reload
INFO: Reloading Context with name [/test_nathan] has started
Jan 31, 2013 3:11:28 PM org.apache.catalina.core.StandardContext reload
INFO: Reloading Context with name [/test_nathan] is completed
Jan 31, 2013 3:11:31 PM org.apache.catalina.startup.HostConfig checkResources
INFO: Reloading context [/test_nathan]
Jan 31, 2013 3:11:31 PM org.apache.catalina.core.StandardContext reload
INFO: Reloading Context with name [/test_nathan] has started
Jan 31, 2013 3:11:32 PM org.apache.catalina.core.StandardContext reload
INFO: Reloading Context with name [/test_nathan] is completed
Jan 31, 2013 3:15:00 PM org.apache.coyote.AbstractProtocol pause
INFO: Pausing ProtocolHandler ["http-apr-80"]
Jan 31, 2013 3:15:00 PM org.apache.coyote.AbstractProtocol pause
INFO: Pausing ProtocolHandler ["ajp-apr-8009"]
Jan 31, 2013 3:15:00 PM org.apache.catalina.core.StandardService stopInternal
INFO: Stopping service Catalina
Jan 31, 2013 3:15:01 PM org.apache.coyote.AbstractProtocol stop
INFO: Stopping ProtocolHandler ["http-apr-80"]
Jan 31, 2013 3:15:01 PM org.apache.coyote.AbstractProtocol stop
INFO: Stopping ProtocolHandler ["ajp-apr-8009"]
oke(ErrorReportValve.java:99)
	at org.apache.catalina.valves.AccessLogValve.invoke(AccessLogValve.java:936)
	at org.apache.catalina.core.StandardEngineValve.invoke(StandardEngineValve.java:118)
	at org.apache.catalina.connector.CoyoteAdapter.service(CoyoteAdapter.java:407)
	at org.apache.coyote.http11.AbstractHttp11Processor.process(AbstractHttp11Processor.java:1004)
	at org.apache.coyote.AbstractProtocol$AbstractConnectionHandler.process(AbstractProtocol.java:589)
	at org.apache.tomcat.util.net.AprEndpoint$SocketProcessor.run(AprEndpoint.java:1822)
	at java.util.concurrent.ThreadPoolExecutor$Worker.runTask(Unknown Source)
	at java.util.concurrent.ThreadPoolExecutor$Worker.run(Unknown Source)
	at java.lang.Thread.run(Unknown Source)
com.mysql.jdbc.exceptions.jdbc4.MySQLSyntaxErrorException: You have an error in your SQL syntax; check the manual that corresponds to your MySQL server version for the right syntax to use near ''players' WHERE 'email' = 'password'' at line 1
	at sun.reflect.NativeConstructorAccessorImpl.newInstance0(Native Method)
	at sun.reflect.NativeConstructorAccessorImpl.newInstance(Unknown Source)
	at sun.reflect.DelegatingConstructorAccessorImpl.newInstance(Unknown Source)
	at java.lang.reflect.Constructor.newInstance(Unknown Source)
	at com.mysql.jdbc.Util.handleNewInstance(Util.java:411)
	at com.mysql.jdbc.Util.getInstance(Util.java:386)
	at com.mysql.jdbc.SQLError.createSQLException(SQLError.java:1053)
	at com.mysql.jdbc.MysqlIO.checkErrorPacket(MysqlIO.java:4096)
	at com.mysql.jdbc.MysqlIO.checkErrorPacket(MysqlIO.java:4028)
	at com.mysql.jdbc.MysqlIO.sendCommand(MysqlIO.java:2490)
	at com.mysql.jdbc.MysqlIO.sqlQueryDirect(MysqlIO.java:2651)
	at com.mysql.jdbc.ConnectionImpl.execSQL(ConnectionImpl.java:2728)
	at com.mysql.jdbc.ConnectionImpl.execSQL(ConnectionImpl.java:2678)
	at com.mysql.jdbc.StatementImpl.executeQuery(StatementImpl.java:1612)
	at PlayerTableConnector.createPlayer(PlayerTableConnector.java:280)
	at Registration_servlet.doPost(Registration_servlet.java:94)
	at javax.servlet.http.HttpServlet.service(HttpServlet.java:647)
	at javax.servlet.http.HttpServlet.service(HttpServlet.java:728)
	at org.apache.catalina.core.ApplicationFilterChain.internalDoFilter(ApplicationFilterChain.java:305)
	at org.apache.catalina.core.ApplicationFilterChain.doFilter(ApplicationFilterChain.java:210)
	at org.apache.catalina.core.StandardWrapperValve.invoke(StandardWrapperValve.java:222)
	at org.apache.catalina.core.StandardContextValve.invoke(StandardContextValve.java:123)
	at org.apache.catalina.authenticator.AuthenticatorBase.invoke(AuthenticatorBase.java:472)
	at org.apache.catalina.core.StandardHostValve.invoke(StandardHostValve.java:171)
	at org.apache.catalina.valves.ErrorReportValve.invoke(ErrorReportValve.java:99)
	at org.apache.catalina.valves.AccessLogValve.invoke(AccessLogValve.java:936)
	at org.apache.catalina.core.StandardEngineValve.invoke(StandardEngineValve.java:118)
	at org.apache.catalina.connector.CoyoteAdapter.service(CoyoteAdapter.java:407)
	at org.apache.coyote.http11.AbstractHttp11Processor.process(AbstractHttp11Processor.java:1004)
	at org.apache.coyote.AbstractProtocol$AbstractConnectionHandler.process(AbstractProtocol.java:589)
	at org.apache.tomcat.util.net.AprEndpoint$SocketProcessor.run(AprEndpoint.java:1822)
	at java.util.concurrent.ThreadPoolExecutor$Worker.runTask(Unknown Source)
	at java.util.concurrent.ThreadPoolExecutor$Worker.run(Unknown Source)
	at java.lang.Thread.run(Unknown Source)
com.mysql.jdbc.exceptions.jdbc4.MySQLNonTransientConnectionException: Too many connections
	at sun.reflect.NativeConstructorAccessorImpl.newInstance0(Native Method)
	at sun.reflect.NativeConstructorAccessorImpl.newInstance(Unknown Source)
	at sun.reflect.DelegatingConstructorAccessorImpl.newInstance(Unknown Source)
	at java.lang.reflect.Constructor.newInstance(Unknown Source)
	at com.mysql.jdbc.Util.handleNewInstance(Util.java:411)
	at com.mysql.jdbc.Util.getInstance(Util.java:386)
	at com.mysql.jdbc.SQLError.createSQLException(SQLError.java:1014)
	at com.mysql.jdbc.MysqlIO.checkErrorPacket(MysqlIO.java:4096)
	at com.mysql.jdbc.MysqlIO.checkErrorPacket(MysqlIO.java:4028)
	at com.mysql.jdbc.MysqlIO.checkErrorPacket(MysqlIO.java:919)
	at com.mysql.jdbc.MysqlIO.proceedHandshakeWithPluggableAuthentication(MysqlIO.java:1694)
	at com.mysql.jdbc.MysqlIO.doHandshake(MysqlIO.java:1244)
	at com.mysql.jdbc.ConnectionImpl.coreConnect(ConnectionImpl.java:2412)
	at com.mysql.jdbc.ConnectionImpl.connectOneTryOnly(ConnectionImpl.java:2445)
	at com.mysql.jdbc.ConnectionImpl.createNewIO(ConnectionImpl.java:2230)
	at com.mysql.jdbc.ConnectionImpl.<init>(ConnectionImpl.java:813)
	at com.mysql.jdbc.JDBC4Connection.<init>(JDBC4Connection.java:47)
	at sun.reflect.GeneratedConstructorAccessor22.newInstance(Unknown Source)
	at sun.reflect.DelegatingConstructorAccessorImpl.newInstance(Unknown Source)
	at java.lang.reflect.Constructor.newInstance(Unknown Source)
	at com.mysql.jdbc.Util.handleNewInstance(Util.java:411)
	at com.mysql.jdbc.ConnectionImpl.getInstance(ConnectionImpl.java:399)
	at com.mysql.jdbc.NonRegisteringDriver.connect(NonRegisteringDriver.java:334)
	at java.sql.DriverManager.getConnection(Unknown Source)
	at java.sql.DriverManager.getConnection(Unknown Source)
	at PlayerTableConnector.<init>(PlayerTableConnector.java:52)
	at Login_servlet.doPost(Login_servlet.java:83)
	at javax.servlet.http.HttpServlet.service(HttpServlet.java:647)
	at javax.servlet.http.HttpServlet.service(HttpServlet.java:728)
	at org.apache.catalina.core.ApplicationFilterChain.internalDoFilter(ApplicationFilterChain.java:305)
	at org.apache.catalina.core.ApplicationFilterChain.doFilter(ApplicationFilterChain.java:210)
	at org.apache.catalina.core.StandardWrapperValve.invoke(StandardWrapperValve.java:222)
	at org.apache.catalina.core.StandardContextValve.invoke(StandardContextValve.java:123)
	at org.apache.catalina.authenticator.AuthenticatorBase.invoke(AuthenticatorBase.java:472)
	at org.apache.catalina.core.StandardHostValve.invoke(StandardHostValve.java:171)
	at org.apache.catalina.valves.ErrorReportValve.invoke(ErrorReportValve.java:99)
	at org.apache.catalina.valves.AccessLogValve.invoke(AccessLogValve.java:936)
	at org.apache.catalina.core.StandardEngineValve.invoke(StandardEngineValve.java:118)
	at org.apache.catalina.connector.CoyoteAdapter.service(CoyoteAdapter.java:407)
	at org.apache.coyote.http11.AbstractHttp11Processor.process(AbstractHttp11Processor.java:1004)
	at org.apache.coyote.AbstractProtocol$AbstractConnectionHandler.process(AbstractProtocol.java:589)
	at org.apache.tomcat.util.net.AprEndpoint$SocketProcessor.run(AprEndpoint.java:1822)
	at java.util.concurrent.ThreadPoolExecutor$Worker.runTask(Unknown Source)
	at java.util.concurrent.ThreadPoolExecutor$Worker.run(Unknown Source)
	at java.lang.Thread.run(Unknown Source)
